#
# There is insufficient memory for the Java Runtime Environment to continue.
# Native memory allocation (mmap) failed to map 69206016 bytes for committing reserved memory.
# Possible reasons:
#   The system is out of physical RAM or swap space
#   In 32 bit mode, the process size limit was hit
# Possible solutions:
#   Reduce memory load on the system
#   Increase physical memory or swap space
#   Check if swap backing store is full
#   Use 64 bit Java on a 64 bit OS
#   Decrease Java heap size (-Xmx/-Xms)
#   Decrease number of Java threads
#   Decrease Java thread stack sizes (-Xss)
#   Set larger code cache with -XX:ReservedCodeCacheSize=
# This output file may be truncated or incomplete.
#
#  Out of Memory Error (os_linux.cpp:2627), pid=12516, tid=0x00007fb3b57f7700
#
# JRE version: Java(TM) SE Runtime Environment (8.0_101-b13) (build 1.8.0_101-b13)
# Java VM: Java HotSpot(TM) 64-Bit Server VM (25.101-b13 mixed mode linux-amd64 compressed oops)
# Failed to write core dump. Core dumps have been disabled. To enable core dumping, try "ulimit -c unlimited" before starting Java again
#

---------------  T H R E A D  ---------------

Current thread (0x00007fb3c8078800):  VMThread [stack: 0x00007fb3b56f7000,0x00007fb3b57f8000] [id=12523]

Stack: [0x00007fb3b56f7000,0x00007fb3b57f8000],  sp=0x00007fb3b57f62d0,  free space=1020k
Native frames: (J=compiled Java code, j=interpreted, Vv=VM code, C=native code)
V  [libjvm.so+0xac3f0a]  VMError::report_and_die()+0x2ba
V  [libjvm.so+0x4fbf9b]  report_vm_out_of_memory(char const*, int, unsigned long, VMErrorType, char const*)+0x8b
V  [libjvm.so+0x9222d3]  os::Linux::commit_memory_impl(char*, unsigned long, bool)+0x103
V  [libjvm.so+0x922829]  os::pd_commit_memory(char*, unsigned long, unsigned long, bool)+0x29
V  [libjvm.so+0x91cb2a]  os::commit_memory(char*, unsigned long, unsigned long, bool)+0x2a
V  [libjvm.so+0x991053]  PSVirtualSpace::expand_by(unsigned long)+0x53
V  [libjvm.so+0x992458]  PSYoungGen::resize_generation(unsigned long, unsigned long)+0xf8
V  [libjvm.so+0x9915b2]  PSYoungGen::resize(unsigned long, unsigned long)+0x22
V  [libjvm.so+0x98e88b]  PSScavenge::invoke_no_policy()+0xf3b
V  [libjvm.so+0x98f011]  PSScavenge::invoke()+0x41
V  [libjvm.so+0x945fc0]  ParallelScavengeHeap::failed_mem_allocate(unsigned long)+0x70
V  [libjvm.so+0xac5927]  VM_ParallelGCFailedAllocation::doit()+0x97
V  [libjvm.so+0xacd405]  VM_Operation::evaluate()+0x55
V  [libjvm.so+0xacb7da]  VMThread::evaluate_operation(VM_Operation*)+0xba
V  [libjvm.so+0xacbb5e]  VMThread::loop()+0x1ce
V  [libjvm.so+0xacbfd0]  VMThread::run()+0x70
V  [libjvm.so+0x924698]  java_start(Thread*)+0x108

VM_Operation (0x00007fb3377f7df0): ParallelGCFailedAllocation, mode: safepoint, requested by thread 0x00007fb340102000


---------------  P R O C E S S  ---------------

Java Threads: ( => current thread )
  0x00007fb33c017000 JavaThread "ForkJoinPool.commonPool-worker-0" daemon [_thread_blocked, id=12635, stack(0x00007fb3379fc000,0x00007fb337afd000)]
  0x00007fb340258000 JavaThread "ForkJoinPool.commonPool-worker-3" daemon [_thread_blocked, id=12634, stack(0x00007fb337afd000,0x00007fb337bfe000)]
  0x00007fb340102000 JavaThread "ForkJoinPool.commonPool-worker-2" daemon [_thread_blocked, id=12633, stack(0x00007fb3376f9000,0x00007fb3377fa000)]
  0x00007fb344072800 JavaThread "ForkJoinPool.commonPool-worker-1" daemon [_thread_blocked, id=12630, stack(0x00007fb3371f4000,0x00007fb3372f5000)]
  0x00007fb340012000 JavaThread "Cache worker for Java compile cache (/home/adis/AndroidStudioProjects/Techyz/.gradle/4.1/javaCompile)" [_thread_blocked, id=12629, stack(0x00007fb3372f5000,0x00007fb3373f6000)]
  0x00007fb3ac01d800 JavaThread "RMI TCP Connection(1)-127.0.0.1" daemon [_thread_in_native, id=12619, stack(0x00007fb3377fa000,0x00007fb3378fb000)]
  0x00007fb34c386000 JavaThread "RMI Reaper" [_thread_blocked, id=12617, stack(0x00007fb336ff2000,0x00007fb3370f3000)]
  0x00007fb34c382800 JavaThread "RMI TCP Accept-0" daemon [_thread_in_native, id=12616, stack(0x00007fb3370f3000,0x00007fb3371f4000)]
  0x00007fb34c372800 JavaThread "GC Daemon" daemon [_thread_blocked, id=12614, stack(0x00007fb3378fb000,0x00007fb3379fc000)]
  0x00007fb34c36d000 JavaThread "RMI Scheduler(0)" daemon [_thread_blocked, id=12612, stack(0x00007fb3375f8000,0x00007fb3376f9000)]
  0x00007fb35c002800 JavaThread "process reaper" daemon [_thread_blocked, id=12583, stack(0x00007fb364005000,0x00007fb36403e000)]
  0x00007fb348004800 JavaThread "process reaper" daemon [_thread_blocked, id=12580, stack(0x00007fb36403e000,0x00007fb364077000)]
  0x00007fb350003800 JavaThread "process reaper" daemon [_thread_in_native, id=12574, stack(0x00007fb364077000,0x00007fb3640b0000)]
  0x00007fb35401e000 JavaThread "process reaper" daemon [_thread_blocked, id=12572, stack(0x00007fb3640b0000,0x00007fb3640e9000)]
  0x00007fb358586000 JavaThread "Task worker for ':' Thread 3" [_thread_blocked, id=12564, stack(0x00007fb337dfe000,0x00007fb337eff000)]
  0x00007fb358585000 JavaThread "Task worker for ':' Thread 2" [_thread_blocked, id=12563, stack(0x00007fb337eff000,0x00007fb338000000)]
  0x00007fb35857d000 JavaThread "Task worker for ':'" [_thread_blocked, id=12562, stack(0x00007fb3640e9000,0x00007fb3641ea000)]
  0x00007fb358572800 JavaThread "Cache worker for task history cache (/home/adis/AndroidStudioProjects/Techyz/.gradle/4.1/taskHistory)" [_thread_blocked, id=12561, stack(0x00007fb3643ea000,0x00007fb3644eb000)]
  0x00007fb358861000 JavaThread "Cache worker for file content cache (/home/adis/AndroidStudioProjects/Techyz/.gradle/4.1/fileContent)" [_thread_blocked, id=12560, stack(0x00007fb3644eb000,0x00007fb3645ec000)]
  0x00007fb358891000 JavaThread "Memory manager" [_thread_blocked, id=12557, stack(0x00007fb365402000,0x00007fb365503000)]
  0x00007fb3582ed000 JavaThread "pool-1-thread-1" [_thread_blocked, id=12554, stack(0x00007fb365503000,0x00007fb365604000)]
  0x00007fb358ed0000 JavaThread "build operations Thread 4" [_thread_blocked, id=12553, stack(0x00007fb365f8f000,0x00007fb366090000)]
  0x00007fb358ece800 JavaThread "build operations Thread 3" [_thread_blocked, id=12552, stack(0x00007fb366090000,0x00007fb366191000)]
  0x00007fb358eca800 JavaThread "build operations Thread 2" [_thread_blocked, id=12551, stack(0x00007fb366191000,0x00007fb366292000)]
  0x00007fb358ec9800 JavaThread "build operations" [_thread_blocked, id=12550, stack(0x00007fb366292000,0x00007fb366393000)]
  0x00007fb358ad0800 JavaThread "Cache worker for Artifact transforms cache (/home/adis/.gradle/caches/transforms-1)" [_thread_blocked, id=12549, stack(0x00007fb366793000,0x00007fb366894000)]
  0x00007fb358258000 JavaThread "Cache worker for file hash cache (/home/adis/AndroidStudioProjects/Techyz/.gradle/4.1/fileHashes)" [_thread_blocked, id=12546, stack(0x00007fb3674f9000,0x00007fb3675fa000)]
  0x00007fb3581cc000 JavaThread "File lock request listener" [_thread_in_native, id=12545, stack(0x00007fb3677fa000,0x00007fb3678fb000)]
  0x00007fb358112000 JavaThread "Cache worker for file hash cache (/home/adis/.gradle/caches/4.1/fileHashes)" [_thread_blocked, id=12544, stack(0x00007fb3678fb000,0x00007fb3679fc000)]
  0x00007fb358010800 JavaThread "Stdin handler" [_thread_blocked, id=12542, stack(0x00007fb367bfc000,0x00007fb367cfd000)]
  0x00007fb358013800 JavaThread "Asynchronous log dispatcher for DefaultDaemonConnection: socket connection from /127.0.0.1:35711 to /127.0.0.1:36212" [_thread_blocked, id=12541, stack(0x00007fb367cfd000,0x00007fb367dfe000)]
  0x00007fb36800e800 JavaThread "Daemon worker" [_thread_blocked, id=12539, stack(0x00007fb367dfe000,0x00007fb367eff000)]
  0x00007fb36800c800 JavaThread "Cancel handler" [_thread_blocked, id=12538, stack(0x00007fb367eff000,0x00007fb368000000)]
  0x00007fb368006000 JavaThread "Handler for socket connection from /127.0.0.1:35711 to /127.0.0.1:36212" [_thread_in_native, id=12537, stack(0x00007fb37c022000,0x00007fb37c123000)]
  0x00007fb37001d000 JavaThread "Daemon" [_thread_blocked, id=12536, stack(0x00007fb37c123000,0x00007fb37c224000)]
  0x00007fb3c8c5e000 JavaThread "Daemon periodic checks" [_thread_blocked, id=12535, stack(0x00007fb37c224000,0x00007fb37c325000)]
  0x00007fb3c8c3a800 JavaThread "Incoming local TCP Connector on port 35711" [_thread_in_native, id=12534, stack(0x00007fb37c32c000,0x00007fb37c42d000)]
  0x00007fb3c8bf8800 JavaThread "Daemon health stats" [_thread_blocked, id=12533, stack(0x00007fb37c631000,0x00007fb37c732000)]
  0x00007fb3c80c1800 JavaThread "Service Thread" daemon [_thread_blocked, id=12531, stack(0x00007fb3b4be3000,0x00007fb3b4ce4000)]
  0x00007fb3c80be800 JavaThread "C1 CompilerThread2" daemon [_thread_blocked, id=12530, stack(0x00007fb3b4ce4000,0x00007fb3b4de5000)]
  0x00007fb3c80bd000 JavaThread "C2 CompilerThread1" daemon [_thread_blocked, id=12529, stack(0x00007fb3b4de5000,0x00007fb3b4ee6000)]
  0x00007fb3c80ba000 JavaThread "C2 CompilerThread0" daemon [_thread_blocked, id=12528, stack(0x00007fb3b4ee6000,0x00007fb3b4fe7000)]
  0x00007fb3c80b8800 JavaThread "Signal Dispatcher" daemon [_thread_blocked, id=12527, stack(0x00007fb3b4fe7000,0x00007fb3b50e8000)]
  0x00007fb3c8084800 JavaThread "Finalizer" daemon [_thread_blocked, id=12526, stack(0x00007fb3b54f5000,0x00007fb3b55f6000)]
  0x00007fb3c8080000 JavaThread "Reference Handler" daemon [_thread_blocked, id=12525, stack(0x00007fb3b55f6000,0x00007fb3b56f7000)]
  0x00007fb3c800a800 JavaThread "main" [_thread_blocked, id=12517, stack(0x00007fb3d10dc000,0x00007fb3d11dd000)]

Other Threads:
=>0x00007fb3c8078800 VMThread [stack: 0x00007fb3b56f7000,0x00007fb3b57f8000] [id=12523]
  0x00007fb3c80c4800 WatcherThread [stack: 0x00007fb3b4ae2000,0x00007fb3b4be3000] [id=12532]

VM state:at safepoint (normal execution)

VM Mutex/Monitor currently owned by a thread:  ([mutex/lock_event])
[0x00007fb3c8006f40] Threads_lock - owner thread: 0x00007fb3c8078800
[0x00007fb3c8007440] Heap_lock - owner thread: 0x00007fb340102000

Heap:
 PSYoungGen      total 293376K, used 22058K [0x00000000e0000000, 0x00000000f4280000, 0x0000000100000000)
  eden space 268288K, 0% used [0x00000000e0000000,0x00000000e0000000,0x00000000f0600000)
  from space 25088K, 87% used [0x00000000f0600000,0x00000000f1b8aa30,0x00000000f1e80000)
  to   space 24576K, 0% used [0x00000000f1e80000,0x00000000f1e80000,0x00000000f3680000)
 ParOldGen       total 154624K, used 36273K [0x00000000a0000000, 0x00000000a9700000, 0x00000000e0000000)
  object space 154624K, 23% used [0x00000000a0000000,0x00000000a236c5e0,0x00000000a9700000)
 Metaspace       used 72772K, capacity 75370K, committed 75688K, reserved 1114112K
  class space    used 9877K, capacity 10396K, committed 10416K, reserved 1048576K

Card table byte_map: [0x00007fb3cdb33000,0x00007fb3cde34000] byte_map_base: 0x00007fb3cd633000

Marking Bits: (ParMarkBitMap*) 0x00007fb3d05aa120
 Begin Bits: [0x00007fb3b6000000, 0x00007fb3b7800000)
 End Bits:   [0x00007fb3b7800000, 0x00007fb3b9000000)

Polling page: 0x00007fb3d1213000

CodeCache: size=245760Kb used=27528Kb max_used=27528Kb free=218231Kb
 bounds [0x00007fb3b9000000, 0x00007fb3bab60000, 0x00007fb3c8000000]
 total_blobs=9929 nmethods=9099 adapters=742
 compilation: enabled

Compilation events (10 events):
Event: 48,540 Thread 0x00007fb3c80be800 nmethod 11191 0x00007fb3ba6c1110 code [0x00007fb3ba6c1280, 0x00007fb3ba6c1430]
Event: 48,540 Thread 0x00007fb3c80be800 11180       3       com.android.dx.ssa.back.RegisterAllocator::getDefinitionSpecForSsaReg (22 bytes)
Event: 48,541 Thread 0x00007fb3c80be800 nmethod 11180 0x00007fb3ba6c0b90 code [0x00007fb3ba6c0d00, 0x00007fb3ba6c1008]
Event: 48,541 Thread 0x00007fb3c80be800 11197       3       com.android.dx.ssa.back.FirstFitLocalCombiningAllocator$1::processInsn (169 bytes)
Event: 48,553 Thread 0x00007fb3c80be800 nmethod 11197 0x00007fb3ba509cd0 code [0x00007fb3ba50a0a0, 0x00007fb3ba50c788]
Event: 48,553 Thread 0x00007fb3c80be800 11101       3       com.android.dx.ssa.SsaInsn::<init> (29 bytes)
Event: 48,553 Thread 0x00007fb3c80be800 nmethod 11101 0x00007fb3b99e4050 code [0x00007fb3b99e41e0, 0x00007fb3b99e44a8]
Event: 48,553 Thread 0x00007fb3c80be800 11074       3       com.android.dx.rop.code.BasicBlockList$RegCountVisitor::visitPlainInsn (6 bytes)
Event: 48,553 Thread 0x00007fb3c80be800 nmethod 11074 0x00007fb3ba6c0810 code [0x00007fb3ba6c0980, 0x00007fb3ba6c0b08]
Event: 48,553 Thread 0x00007fb3c80be800 11073       3       com.android.dx.rop.code.RopMethod::labelToPredecessors (54 bytes)

GC Heap History (10 events):
Event: 21,192 GC heap after
Heap after GC invocations=11 (full 2):
 PSYoungGen      total 196096K, used 17901K [0x00000000e0000000, 0x00000000f0480000, 0x0000000100000000)
  eden space 178176K, 0% used [0x00000000e0000000,0x00000000e0000000,0x00000000eae00000)
  from space 17920K, 99% used [0x00000000eae00000,0x00000000ebf7b510,0x00000000ebf80000)
  to   space 22528K, 0% used [0x00000000eee80000,0x00000000eee80000,0x00000000f0480000)
 ParOldGen       total 102400K, used 25174K [0x00000000a0000000, 0x00000000a6400000, 0x00000000e0000000)
  object space 102400K, 24% used [0x00000000a0000000,0x00000000a18958d0,0x00000000a6400000)
 Metaspace       used 57246K, capacity 59018K, committed 59160K, reserved 1099776K
  class space    used 7845K, capacity 8280K, committed 8368K, reserved 1048576K
}
Event: 21,192 GC heap before
{Heap before GC invocations=12 (full 3):
 PSYoungGen      total 196096K, used 17901K [0x00000000e0000000, 0x00000000f0480000, 0x0000000100000000)
  eden space 178176K, 0% used [0x00000000e0000000,0x00000000e0000000,0x00000000eae00000)
  from space 17920K, 99% used [0x00000000eae00000,0x00000000ebf7b510,0x00000000ebf80000)
  to   space 22528K, 0% used [0x00000000eee80000,0x00000000eee80000,0x00000000f0480000)
 ParOldGen       total 102400K, used 25174K [0x00000000a0000000, 0x00000000a6400000, 0x00000000e0000000)
  object space 102400K, 24% used [0x00000000a0000000,0x00000000a18958d0,0x00000000a6400000)
 Metaspace       used 57246K, capacity 59018K, committed 59160K, reserved 1099776K
  class space    used 7845K, capacity 8280K, committed 8368K, reserved 1048576K
Event: 21,743 GC heap after
Heap after GC invocations=12 (full 3):
 PSYoungGen      total 196096K, used 0K [0x00000000e0000000, 0x00000000f0480000, 0x0000000100000000)
  eden space 178176K, 0% used [0x00000000e0000000,0x00000000e0000000,0x00000000eae00000)
  from space 17920K, 0% used [0x00000000eae00000,0x00000000eae00000,0x00000000ebf80000)
  to   space 22528K, 0% used [0x00000000eee80000,0x00000000eee80000,0x00000000f0480000)
 ParOldGen       total 154624K, used 36233K [0x00000000a0000000, 0x00000000a9700000, 0x00000000e0000000)
  object space 154624K, 23% used [0x00000000a0000000,0x00000000a23625e0,0x00000000a9700000)
 Metaspace       used 57246K, capacity 59018K, committed 59160K, reserved 1099776K
  class space    used 7845K, capacity 8280K, committed 8368K, reserved 1048576K
}
Event: 44,169 GC heap before
{Heap before GC invocations=13 (full 3):
 PSYoungGen      total 196096K, used 178176K [0x00000000e0000000, 0x00000000f0480000, 0x0000000100000000)
  eden space 178176K, 100% used [0x00000000e0000000,0x00000000eae00000,0x00000000eae00000)
  from space 17920K, 0% used [0x00000000eae00000,0x00000000eae00000,0x00000000ebf80000)
  to   space 22528K, 0% used [0x00000000eee80000,0x00000000eee80000,0x00000000f0480000)
 ParOldGen       total 154624K, used 36233K [0x00000000a0000000, 0x00000000a9700000, 0x00000000e0000000)
  object space 154624K, 23% used [0x00000000a0000000,0x00000000a23625e0,0x00000000a9700000)
 Metaspace       used 67996K, capacity 70098K, committed 70312K, reserved 1110016K
  class space    used 9313K, capacity 9802K, committed 9904K, reserved 1048576K
Event: 44,201 GC heap after
Heap after GC invocations=13 (full 3):
 PSYoungGen      total 229376K, used 20385K [0x00000000e0000000, 0x00000000f0280000, 0x0000000100000000)
  eden space 208896K, 0% used [0x00000000e0000000,0x00000000e0000000,0x00000000ecc00000)
  from space 20480K, 99% used [0x00000000eee80000,0x00000000f02686f0,0x00000000f0280000)
  to   space 24576K, 0% used [0x00000000ed280000,0x00000000ed280000,0x00000000eea80000)
 ParOldGen       total 154624K, used 36249K [0x00000000a0000000, 0x00000000a9700000, 0x00000000e0000000)
  object space 154624K, 23% used [0x00000000a0000000,0x00000000a23665e0,0x00000000a9700000)
 Metaspace       used 67996K, capacity 70098K, committed 70312K, reserved 1110016K
  class space    used 9313K, capacity 9802K, committed 9904K, reserved 1048576K
}
Event: 44,559 GC heap before
{Heap before GC invocations=14 (full 3):
 PSYoungGen      total 229376K, used 229134K [0x00000000e0000000, 0x00000000f0280000, 0x0000000100000000)
  eden space 208896K, 99% used [0x00000000e0000000,0x00000000ecbdb170,0x00000000ecc00000)
  from space 20480K, 99% used [0x00000000eee80000,0x00000000f02686f0,0x00000000f0280000)
  to   space 24576K, 0% used [0x00000000ed280000,0x00000000ed280000,0x00000000eea80000)
 ParOldGen       total 154624K, used 36249K [0x00000000a0000000, 0x00000000a9700000, 0x00000000e0000000)
  object space 154624K, 23% used [0x00000000a0000000,0x00000000a23665e0,0x00000000a9700000)
 Metaspace       used 68507K, capacity 70648K, committed 70824K, reserved 1110016K
  class space    used 9393K, capacity 9879K, committed 9904K, reserved 1048576K
Event: 44,591 GC heap after
Heap after GC invocations=14 (full 3):
 PSYoungGen      total 240128K, used 15357K [0x00000000e0000000, 0x00000000f3680000, 0x0000000100000000)
  eden space 215552K, 0% used [0x00000000e0000000,0x00000000e0000000,0x00000000ed280000)
  from space 24576K, 62% used [0x00000000ed280000,0x00000000ee17f7d0,0x00000000eea80000)
  to   space 24576K, 0% used [0x00000000f1e80000,0x00000000f1e80000,0x00000000f3680000)
 ParOldGen       total 154624K, used 36257K [0x00000000a0000000, 0x00000000a9700000, 0x00000000e0000000)
  object space 154624K, 23% used [0x00000000a0000000,0x00000000a23685e0,0x00000000a9700000)
 Metaspace       used 68507K, capacity 70648K, committed 70824K, reserved 1110016K
  class space    used 9393K, capacity 9879K, committed 9904K, reserved 1048576K
}
Event: 45,353 GC heap before
{Heap before GC invocations=15 (full 3):
 PSYoungGen      total 240128K, used 230909K [0x00000000e0000000, 0x00000000f3680000, 0x0000000100000000)
  eden space 215552K, 100% used [0x00000000e0000000,0x00000000ed280000,0x00000000ed280000)
  from space 24576K, 62% used [0x00000000ed280000,0x00000000ee17f7d0,0x00000000eea80000)
  to   space 24576K, 0% used [0x00000000f1e80000,0x00000000f1e80000,0x00000000f3680000)
 ParOldGen       total 154624K, used 36257K [0x00000000a0000000, 0x00000000a9700000, 0x00000000e0000000)
  object space 154624K, 23% used [0x00000000a0000000,0x00000000a23685e0,0x00000000a9700000)
 Metaspace       used 69101K, capacity 71450K, committed 71720K, reserved 1112064K
  class space    used 9483K, capacity 9992K, committed 10032K, reserved 1048576K
Event: 45,384 GC heap after
Heap after GC invocations=15 (full 3):
 PSYoungGen      total 292864K, used 16752K [0x00000000e0000000, 0x00000000f4280000, 0x0000000100000000)
  eden space 268288K, 0% used [0x00000000e0000000,0x00000000e0000000,0x00000000f0600000)
  from space 24576K, 68% used [0x00000000f1e80000,0x00000000f2edc2a8,0x00000000f3680000)
  to   space 25088K, 0% used [0x00000000f0600000,0x00000000f0600000,0x00000000f1e80000)
 ParOldGen       total 154624K, used 36265K [0x00000000a0000000, 0x00000000a9700000, 0x00000000e0000000)
  object space 154624K, 23% used [0x00000000a0000000,0x00000000a236a5e0,0x00000000a9700000)
 Metaspace       used 69101K, capacity 71450K, committed 71720K, reserved 1112064K
  class space    used 9483K, capacity 9992K, committed 10032K, reserved 1048576K
}
Event: 48,589 GC heap before
{Heap before GC invocations=16 (full 3):
 PSYoungGen      total 292864K, used 285040K [0x00000000e0000000, 0x00000000f4280000, 0x0000000100000000)
  eden space 268288K, 100% used [0x00000000e0000000,0x00000000f0600000,0x00000000f0600000)
  from space 24576K, 68% used [0x00000000f1e80000,0x00000000f2edc2a8,0x00000000f3680000)
  to   space 25088K, 0% used [0x00000000f0600000,0x00000000f0600000,0x00000000f1e80000)
 ParOldGen       total 154624K, used 36265K [0x00000000a0000000, 0x00000000a9700000, 0x00000000e0000000)
  object space 154624K, 23% used [0x00000000a0000000,0x00000000a236a5e0,0x00000000a9700000)
 Metaspace       used 72772K, capacity 75370K, committed 75688K, reserved 1114112K
  class space    used 9877K, capacity 10396K, committed 10416K, reserved 1048576K

Deoptimization events (10 events):
Event: 47,623 Thread 0x00007fb358586000 Uncommon trap: reason=class_check action=maybe_recompile pc=0x00007fb3b9de2a34 method=java.lang.AbstractStringBuilder.append(Ljava/lang/CharSequence;II)Ljava/lang/AbstractStringBuilder; @ 18
Event: 48,180 Thread 0x00007fb340258000 Uncommon trap: reason=unstable_if action=reinterpret pc=0x00007fb3baa04130 method=sun.util.calendar.ZoneInfo.getOffsets(J[II)I @ 128
Event: 48,180 Thread 0x00007fb340258000 Uncommon trap: reason=unstable_if action=reinterpret pc=0x00007fb3baa0f880 method=sun.util.calendar.BaseCalendar$Date.hit(J)Z @ 6
Event: 48,201 Thread 0x00007fb340102000 Uncommon trap: reason=unstable_if action=reinterpret pc=0x00007fb3b91b5c18 method=java.lang.Class.newReflectionData(Ljava/lang/ref/SoftReference;I)Ljava/lang/Class$ReflectionData; @ 30
Event: 48,425 Thread 0x00007fb344072800 Uncommon trap: reason=class_check action=maybe_recompile pc=0x00007fb3b99920e0 method=com.android.dx.ssa.NormalSsaInsn.accept(Lcom/android/dx/ssa/SsaInsn$Visitor;)V @ 9
Event: 48,425 Thread 0x00007fb344072800 Uncommon trap: reason=class_check action=maybe_recompile pc=0x00007fb3b99920e0 method=com.android.dx.ssa.NormalSsaInsn.accept(Lcom/android/dx/ssa/SsaInsn$Visitor;)V @ 9
Event: 48,425 Thread 0x00007fb344072800 Uncommon trap: reason=class_check action=maybe_recompile pc=0x00007fb3b99920e0 method=com.android.dx.ssa.NormalSsaInsn.accept(Lcom/android/dx/ssa/SsaInsn$Visitor;)V @ 9
Event: 48,426 Thread 0x00007fb344072800 Uncommon trap: reason=class_check action=maybe_recompile pc=0x00007fb3b99920e0 method=com.android.dx.ssa.NormalSsaInsn.accept(Lcom/android/dx/ssa/SsaInsn$Visitor;)V @ 9
Event: 48,426 Thread 0x00007fb344072800 Uncommon trap: reason=class_check action=maybe_recompile pc=0x00007fb3ba92c9d0 method=com.android.dx.ssa.NormalSsaInsn.accept(Lcom/android/dx/ssa/SsaInsn$Visitor;)V @ 9
Event: 48,430 Thread 0x00007fb340102000 Uncommon trap: reason=unstable_if action=reinterpret pc=0x00007fb3b9ed5784 method=java.nio.Buffer.limit(I)Ljava/nio/Buffer; @ 33

Internal exceptions (10 events):
Event: 48,003 Thread 0x00007fb340258000 Exception <a 'sun/nio/fs/UnixException'> (0x00000000ef37d008) thrown at [/HUDSON3/workspace/8-2-build-linux-amd64/jdk8u101/7261/hotspot/src/share/vm/prims/jni.cpp, line 709]
Event: 48,439 Thread 0x00007fb340258000 Exception <a 'sun/nio/fs/UnixException'> (0x00000000f00016d8) thrown at [/HUDSON3/workspace/8-2-build-linux-amd64/jdk8u101/7261/hotspot/src/share/vm/prims/jni.cpp, line 709]
Event: 48,489 Thread 0x00007fb340102000 Exception <a 'sun/nio/fs/UnixException'> (0x00000000f01cfb18) thrown at [/HUDSON3/workspace/8-2-build-linux-amd64/jdk8u101/7261/hotspot/src/share/vm/prims/jni.cpp, line 709]
Event: 48,539 Thread 0x00007fb340102000 Exception <a 'sun/nio/fs/UnixException'> (0x00000000f04f1ec0) thrown at [/HUDSON3/workspace/8-2-build-linux-amd64/jdk8u101/7261/hotspot/src/share/vm/prims/jni.cpp, line 709]
Event: 48,539 Thread 0x00007fb340102000 Exception <a 'sun/nio/fs/UnixException'> (0x00000000f04f2518) thrown at [/HUDSON3/workspace/8-2-build-linux-amd64/jdk8u101/7261/hotspot/src/share/vm/prims/jni.cpp, line 709]
Event: 48,539 Thread 0x00007fb340102000 Exception <a 'sun/nio/fs/UnixException'> (0x00000000f04f2b60) thrown at [/HUDSON3/workspace/8-2-build-linux-amd64/jdk8u101/7261/hotspot/src/share/vm/prims/jni.cpp, line 709]
Event: 48,539 Thread 0x00007fb340102000 Exception <a 'sun/nio/fs/UnixException'> (0x00000000f04f3198) thrown at [/HUDSON3/workspace/8-2-build-linux-amd64/jdk8u101/7261/hotspot/src/share/vm/prims/jni.cpp, line 709]
Event: 48,550 Thread 0x00007fb340102000 Exception <a 'sun/nio/fs/UnixException'> (0x00000000f0504b30) thrown at [/HUDSON3/workspace/8-2-build-linux-amd64/jdk8u101/7261/hotspot/src/share/vm/prims/jni.cpp, line 709]
Event: 48,550 Thread 0x00007fb340102000 Exception <a 'sun/nio/fs/UnixException'> (0x00000000f0505190) thrown at [/HUDSON3/workspace/8-2-build-linux-amd64/jdk8u101/7261/hotspot/src/share/vm/prims/jni.cpp, line 709]
Event: 48,550 Thread 0x00007fb340102000 Exception <a 'sun/nio/fs/UnixException'> (0x00000000f05057d0) thrown at [/HUDSON3/workspace/8-2-build-linux-amd64/jdk8u101/7261/hotspot/src/share/vm/prims/jni.cpp, line 709]

Events (10 events):
Event: 48,498 loading class com/android/builder/dexing/DirectoryBasedClassFileInput done
Event: 48,501 loading class com/android/builder/dexing/FileBasedClassFileEntry
Event: 48,501 loading class com/android/builder/dexing/FileBasedClassFileEntry done
Event: 48,502 loading class com/android/utils/PathUtils
Event: 48,502 loading class com/android/utils/PathUtils done
Event: 48,528 loading class com/android/builder/dexing/DirDexArchive
Event: 48,528 loading class com/android/builder/dexing/DirDexArchive done
Event: 48,539 loading class sun/nio/fs/AbstractPath$1
Event: 48,542 loading class sun/nio/fs/AbstractPath$1 done
Event: 48,565 Executing VM operation: ParallelGCFailedAllocation


Dynamic libraries:
00400000-00401000 r-xp 00000000 08:11 4863516                            /usr/lib/jvm/java-8-oracle/bin/java
00600000-00601000 rw-p 00000000 08:11 4863516                            /usr/lib/jvm/java-8-oracle/bin/java
00c3b000-00db2000 rw-p 00000000 00:00 0                                  [heap]
a0000000-a9700000 rw-p 00000000 00:00 0 
a9700000-e0000000 ---p 00000000 00:00 0 
e0000000-f4280000 rw-p 00000000 00:00 0 
f8480000-100000000 ---p 00000000 00:00 0 
100000000-100a2c000 rw-p 00000000 00:00 0 
100a2c000-140000000 ---p 00000000 00:00 0 
7fb330000000-7fb330048000 rw-p 00000000 00:00 0 
7fb330048000-7fb334000000 ---p 00000000 00:00 0 
7fb335eec000-7fb3360ac000 rw-p 00000000 00:00 0 
7fb3360ac000-7fb3360ec000 ---p 00000000 00:00 0 
7fb3360ec000-7fb3362ec000 rw-p 00000000 00:00 0 
7fb3362ec000-7fb3364ec000 rw-p 00000000 00:00 0 
7fb3364ec000-7fb3366ec000 rw-p 00000000 00:00 0 
7fb3366ec000-7fb3368ec000 rw-p 00000000 00:00 0 
7fb3368ec000-7fb3368f1000 r-xp 00000000 08:11 2364336                    /tmp/native-platform9190975110348239917dir/libnative-platform.so
7fb3368f1000-7fb336af0000 ---p 00005000 08:11 2364336                    /tmp/native-platform9190975110348239917dir/libnative-platform.so
7fb336af0000-7fb336af1000 rw-p 00004000 08:11 2364336                    /tmp/native-platform9190975110348239917dir/libnative-platform.so
7fb336af1000-7fb336cf1000 rw-p 00000000 00:00 0 
7fb336cf1000-7fb336ef1000 rw-p 00000000 00:00 0 
7fb336ef1000-7fb336ef4000 ---p 00000000 00:00 0 
7fb336ef4000-7fb336ff2000 rw-p 00000000 00:00 0 
7fb336ff2000-7fb336ff5000 ---p 00000000 00:00 0 
7fb336ff5000-7fb3370f3000 rw-p 00000000 00:00 0 
7fb3370f3000-7fb3370f6000 ---p 00000000 00:00 0 
7fb3370f6000-7fb3371f4000 rw-p 00000000 00:00 0 
7fb3371f4000-7fb3371f7000 ---p 00000000 00:00 0 
7fb3371f7000-7fb3372f5000 rw-p 00000000 00:00 0 
7fb3372f5000-7fb3372f8000 ---p 00000000 00:00 0 
7fb3372f8000-7fb3373f6000 rw-p 00000000 00:00 0 
7fb3373f6000-7fb3373f9000 ---p 00000000 00:00 0 
7fb3373f9000-7fb3374f7000 rw-p 00000000 00:00 0 
7fb3374f7000-7fb3374fa000 ---p 00000000 00:00 0 
7fb3374fa000-7fb3375f8000 rw-p 00000000 00:00 0 
7fb3375f8000-7fb3375fb000 ---p 00000000 00:00 0 
7fb3375fb000-7fb3376f9000 rw-p 00000000 00:00 0 
7fb3376f9000-7fb3376fc000 ---p 00000000 00:00 0 
7fb3376fc000-7fb3377fa000 rw-p 00000000 00:00 0 
7fb3377fa000-7fb3377fd000 ---p 00000000 00:00 0 
7fb3377fd000-7fb3378fb000 rw-p 00000000 00:00 0 
7fb3378fb000-7fb3378fe000 ---p 00000000 00:00 0 
7fb3378fe000-7fb3379fc000 rw-p 00000000 00:00 0 
7fb3379fc000-7fb3379ff000 ---p 00000000 00:00 0 
7fb3379ff000-7fb337afd000 rw-p 00000000 00:00 0 
7fb337afd000-7fb337b00000 ---p 00000000 00:00 0 
7fb337b00000-7fb337dfe000 rw-p 00000000 00:00 0 
7fb337dfe000-7fb337e01000 ---p 00000000 00:00 0 
7fb337e01000-7fb337eff000 rw-p 00000000 00:00 0 
7fb337eff000-7fb337f02000 ---p 00000000 00:00 0 
7fb337f02000-7fb338000000 rw-p 00000000 00:00 0 
7fb338000000-7fb3380cd000 rw-p 00000000 00:00 0 
7fb3380cd000-7fb33c000000 ---p 00000000 00:00 0 
7fb33c000000-7fb33c0e8000 rw-p 00000000 00:00 0 
7fb33c0e8000-7fb340000000 ---p 00000000 00:00 0 
7fb340000000-7fb34076b000 rw-p 00000000 00:00 0 
7fb34076b000-7fb344000000 ---p 00000000 00:00 0 
7fb344000000-7fb3441b9000 rw-p 00000000 00:00 0 
7fb3441b9000-7fb348000000 ---p 00000000 00:00 0 
7fb348000000-7fb348021000 rw-p 00000000 00:00 0 
7fb348021000-7fb34c000000 ---p 00000000 00:00 0 
7fb34c000000-7fb34c38d000 rw-p 00000000 00:00 0 
7fb34c38d000-7fb350000000 ---p 00000000 00:00 0 
7fb350000000-7fb350021000 rw-p 00000000 00:00 0 
7fb350021000-7fb354000000 ---p 00000000 00:00 0 
7fb354000000-7fb3540c6000 rw-p 00000000 00:00 0 
7fb3540c6000-7fb358000000 ---p 00000000 00:00 0 
7fb358000000-7fb3596a4000 rw-p 00000000 00:00 0 
7fb3596a4000-7fb35c000000 ---p 00000000 00:00 0 
7fb35c000000-7fb35c28f000 rw-p 00000000 00:00 0 
7fb35c28f000-7fb360000000 ---p 00000000 00:00 0 
7fb360000000-7fb360021000 rw-p 00000000 00:00 0 
7fb360021000-7fb364000000 ---p 00000000 00:00 0 
7fb364005000-7fb364008000 ---p 00000000 00:00 0 
7fb364008000-7fb36403e000 rw-p 00000000 00:00 0 
7fb36403e000-7fb364041000 ---p 00000000 00:00 0 
7fb364041000-7fb364077000 rw-p 00000000 00:00 0 
7fb364077000-7fb36407a000 ---p 00000000 00:00 0 
7fb36407a000-7fb3640b0000 rw-p 00000000 00:00 0 
7fb3640b0000-7fb3640b3000 ---p 00000000 00:00 0 
7fb3640b3000-7fb3640e9000 rw-p 00000000 00:00 0 
7fb3640e9000-7fb3640ec000 ---p 00000000 00:00 0 
7fb3640ec000-7fb3643ea000 rw-p 00000000 00:00 0 
7fb3643ea000-7fb3643ed000 ---p 00000000 00:00 0 
7fb3643ed000-7fb3644eb000 rw-p 00000000 00:00 0 
7fb3644eb000-7fb3644ee000 ---p 00000000 00:00 0 
7fb3644ee000-7fb3647ec000 rw-p 00000000 00:00 0 
7fb3647ec000-7fb3649ec000 rw-p 00000000 00:00 0 
7fb3649ec000-7fb364bec000 rw-p 00000000 00:00 0 
7fb364bec000-7fb364bff000 r--s 00345000 08:11 5136944                    /usr/lib/jvm/java-8-oracle/jre/lib/resources.jar
7fb364bff000-7fb364dff000 rw-p 00000000 00:00 0 
7fb364dff000-7fb364fff000 rw-p 00000000 00:00 0 
7fb364fff000-7fb3651ff000 rw-p 00000000 00:00 0 
7fb3651ff000-7fb365202000 r--s 0001a000 08:11 5136948                    /usr/lib/jvm/java-8-oracle/jre/lib/jce.jar
7fb365202000-7fb365402000 rw-p 00000000 00:00 0 
7fb365402000-7fb365405000 ---p 00000000 00:00 0 
7fb365405000-7fb365503000 rw-p 00000000 00:00 0 
7fb365503000-7fb365506000 ---p 00000000 00:00 0 
7fb365506000-7fb365804000 rw-p 00000000 00:00 0 
7fb365804000-7fb365a02000 rw-p 00000000 00:00 0 
7fb365a02000-7fb365a04000 ---p 00000000 00:00 0 
7fb365a04000-7fb365a06000 r--s 00003000 08:11 5657110                    /home/adis/.gradle/caches/jars-3/01ab8600ebbfdcaf9b89b45c2b992e82/annotations-13.0.jar
7fb365a06000-7fb365a11000 r--s 00081000 08:11 5657108                    /home/adis/.gradle/caches/jars-3/fc6e889a0f45cc9752787eb60f920103/trove4j-20160824.jar
7fb365a11000-7fb365a94000 r--s 00758000 08:11 5657106                    /home/adis/.gradle/caches/jars-3/0d3de44a8474017418d71d8887a5e944/intellij-core-26.0.0.jar
7fb365a94000-7fb365a9a000 r--s 00033000 08:11 5657104                    /home/adis/.gradle/caches/jars-3/f96c897d327ea500d64fe3af2833bd50/commons-codec-1.6.jar
7fb365a9a000-7fb365a9c000 r--s 0000d000 08:11 5657102                    /home/adis/.gradle/caches/jars-3/ccc849edcf9fccd61ed937bf93ffe896/commons-logging-1.1.1.jar
7fb365a9c000-7fb365aa2000 r--s 00032000 08:11 5657100                    /home/adis/.gradle/caches/jars-3/72e344059d1923829968d0d38b0c3c72/httpcore-4.2.5.jar
7fb365aa2000-7fb365aa3000 r--s 00004000 08:11 5657098                    /home/adis/.gradle/caches/jars-3/3a4299d1ce3e273e7c03a9ccf5a1e333/annotations-12.0.jar
7fb365aa3000-7fb365aa4000 r--s 00000000 08:11 5657096                    /home/adis/.gradle/caches/jars-3/0e2fbc3b8c56d2975eca90c524790c13/animal-sniffer-annotations-1.14.jar
7fb365aa4000-7fb365aa6000 r--s 00001000 08:11 5657094                    /home/adis/.gradle/caches/jars-3/ad41f8f3ac67c0323ce9eb1c20c8dc3f/j2objc-annotations-1.1.jar
7fb365aa6000-7fb365aa7000 r--s 00002000 08:11 5657092                    /home/adis/.gradle/caches/jars-3/9edb0f46b907c34c4718edabde6c791c/error_prone_annotations-2.0.18.jar
7fb365aa7000-7fb365aaa000 r--s 00006000 08:11 5657090                    /home/adis/.gradle/caches/jars-3/b58a9bc3bbba42132e4abc0bacae8da1/jsr305-1.3.9.jar
7fb365aaa000-7fb365aab000 r--s 0000a000 08:11 5657088                    /home/adis/.gradle/caches/jars-3/5b8b36ed61fe92731031cca3c9b3a0b3/kxml2-2.3.0.jar
7fb365aab000-7fb365aad000 r--s 00005000 08:11 5657086                    /home/adis/.gradle/caches/jars-3/f10e1e1978816198f2eb1189c974b440/httpmime-4.1.jar
7fb365aad000-7fb365ab7000 r--s 00061000 08:11 5657084                    /home/adis/.gradle/caches/jars-3/bc4b2527f35dc983f759e8f85f3f8d52/httpclient-4.2.6.jar
7fb365ab7000-7fb365ac0000 r--s 00064000 08:11 5657082                    /home/adis/.gradle/caches/jars-3/fc37c717528c2a0d27f3e3621835f781/commons-compress-1.12.jar
7fb365ac0000-7fb365ac5000 r--s 0002e000 08:11 5514517                    /home/adis/.gradle/caches/jars-3/c5bcda7f6f4809e9c92270f99e51f154/gson-2.3.jar
7fb365ac5000-7fb365ad5000 r--s 000d6000 08:11 5514515                    /home/adis/.gradle/caches/jars-3/dbdb8caed2514263a34702cc763c6785/proguard-base-5.3.3.jar
7fb365ad5000-7fb365ad6000 r--s 00001000 08:11 5514490                    /home/adis/.gradle/caches/jars-3/22d054403841f76f651e28ff81d7e543/annotations-26.0.0.jar
7fb365ad6000-7fb365ad9000 r--s 00033000 08:11 5514488                    /home/adis/.gradle/caches/jars-3/0ce03714647bf7bd3c78634c20ddbf38/juniversalchardet-1.0.3.jar
7fb365ad9000-7fb365add000 r--s 0002a000 08:11 5396408                    /home/adis/.gradle/caches/jars-3/9849af6d4b0409ba64061601342f385d/commons-io-2.4.jar
7fb365add000-7fb365af4000 r--s 00154000 08:11 5514483                    /home/adis/.gradle/caches/jars-3/57adf9abd30c921d4ea1dfdcfe7b9efd/antlr4-4.5.3.jar
7fb365af4000-7fb365af5000 r--s 00003000 08:11 5514433                    /home/adis/.gradle/caches/jars-3/f29c2da6b031c4830fe215ea32cbd1d6/baseLibrary-3.0.0.jar
7fb365af5000-7fb365b25000 r--s 00245000 08:11 5514428                    /home/adis/.gradle/caches/jars-3/8e27cdebb49ba2f804f9403d90aaaac5/guava-22.0.jar
7fb365b25000-7fb365b2d000 r--s 000a8000 08:11 5514426                    /home/adis/.gradle/caches/jars-3/6cc57ce9ec0d90186f781694264d61bc/lombok-ast-0.2.3.jar
7fb365b2d000-7fb365b31000 r--s 0002f000 08:11 5514424                    /home/adis/.gradle/caches/jars-3/505fcc8c47da308b2f1262f0ff3c65f1/jimfs-1.1.jar
7fb365b31000-7fb365b44000 r--s 00241000 08:11 5514422                    /home/adis/.gradle/caches/jars-3/d8dc71eb6d91c966c45f7b594129e14a/ecj-4.6.1.jar
7fb365b44000-7fb365b45000 r--s 00003000 08:11 5514420                    /home/adis/.gradle/caches/jars-3/fdb8f5ebd6a086c4818336712b830716/json-simple-1.1.jar
7fb365b45000-7fb365c6a000 r--s 00f5d000 08:11 5514418                    /home/adis/.gradle/caches/jars-3/dfd566a90e18a0aa75879c33e0731ab8/fastutil-7.2.0.jar
7fb365c6a000-7fb365cb5000 r--s 002ff000 08:11 5514416                    /home/adis/.gradle/caches/jars-3/d3d44e9a7fcb4a86fb40775c385dd3d0/bcprov-jdk15on-1.56.jar
7fb365cb5000-7fb365cc6000 r--s 00097000 08:11 5514414                    /home/adis/.gradle/caches/jars-3/59ebb77d99c5ca0e24bb23272e0329dd/bcpkix-jdk15on-1.56.jar
7fb365cc6000-7fb365cc8000 r--s 00002000 08:11 5514412                    /home/adis/.gradle/caches/jars-3/f268e5e8fc83bb846ac355d6a16b1f30/javawriter-2.5.0.jar
7fb365cc8000-7fb365ccd000 r--s 0003b000 08:11 5514410                    /home/adis/.gradle/caches/jars-3/e05f9976b96d28fde211735fa5e94d9a/apksig-3.0.0.jar
7fb365ccd000-7fb365cd0000 r--s 00024000 08:11 5514408                    /home/adis/.gradle/caches/jars-3/664e7b307d7ea6fbd268ae5e965af33f/common-26.0.0.jar
7fb365cd0000-7fb365cd2000 r--s 00006000 08:11 5514406                    /home/adis/.gradle/caches/jars-3/0406b1b4dc723dfbfe2d3f0701ad05b0/dvlib-26.0.0.jar
7fb365cd2000-7fb365cd5000 r--s 00014000 08:11 5514404                    /home/adis/.gradle/caches/jars-3/3ce077ae1920336ec43b829a7f72ce49/layoutlib-api-26.0.0.jar
7fb365cd5000-7fb365cda000 r--s 0004d000 08:11 5514402                    /home/adis/.gradle/caches/jars-3/65eb04ad4074b88473a4bd0790ceb5fa/ddmlib-26.0.0.jar
7fb365cda000-7fb365cdb000 r--s 00003000 08:11 5514400                    /home/adis/.gradle/caches/jars-3/be01663fe004b181af941ac54e7bc4f0/builder-test-api-3.0.0.jar
7fb365cdb000-7fb365cde000 r--s 00007000 08:11 5514398                    /home/adis/.gradle/caches/jars-3/38f9351bf06ef722e62746fe5560ea34/builder-model-3.0.0.jar
7fb365cde000-7fb365ced000 r--s 00130000 08:11 5514396                    /home/adis/.gradle/caches/jars-3/72ba1443c6adcea1f6ba21e12f0bb0fc/protobuf-java-3.0.0.jar
7fb365ced000-7fb365d00000 r--s 001a8000 08:11 5514394                    /home/adis/.gradle/caches/jars-3/2265108d6f8c35991db49bb36a4f9855/protos-26.0.0.jar
7fb365d00000-7fb365d01000 r--s 00005000 08:11 5514375                    /home/adis/.gradle/caches/jars-3/d41f18504bb9fe2aad8342cc4d177c72/shared-26.0.0.jar
7fb365d01000-7fb365d03000 r--s 00004000 08:11 5514373                    /home/adis/.gradle/caches/jars-3/6d32eb0515d6f097cfbdc2a4d0a68216/tracker-26.0.0.jar
7fb365d03000-7fb365d05000 r--s 00002000 08:11 5514362                    /home/adis/.gradle/caches/jars-3/e91624d2ed1c3b55eec9fd768ed13c1d/proguard-gradle-5.3.3.jar
7fb365d05000-7fb365d07000 r--s 0000f000 08:11 5514359                    /home/adis/.gradle/caches/jars-3/96760c32d36a5d7066e3ccf088bfd362/jopt-simple-4.9.jar
7fb365d07000-7fb365d0b000 r--s 0001e000 08:11 5514357                    /home/adis/.gradle/caches/jars-3/0d3e95aba631209a078aeec58a76633d/org.jacoco.core-0.7.4.201502262128.jar
7fb365d0b000-7fb365d0e000 r--s 00020000 08:11 5514353                    /home/adis/.gradle/caches/jars-3/c72fc284d34f39eab57a4e3ba83405e9/org.jacoco.report-0.7.4.201502262128.jar
7fb365d0e000-7fb365d10000 r--s 0000c000 08:11 5514351                    /home/adis/.gradle/caches/jars-3/9b0a36633c92c6e87e62c81734593183/asm-5.1.jar
7fb365d10000-7fb365d12000 r--s 00006000 08:11 5514349                    /home/adis/.gradle/caches/jars-3/50c8a7da333c41693b2b7ce95b6d9d89/asm-tree-5.1.jar
7fb365d12000-7fb365d13000 r--s 0000a000 08:11 5514347                    /home/adis/.gradle/caches/jars-3/c4f1f1d5a624f981d35a78d181e2c418/asm-util-5.1.jar
7fb365d13000-7fb365d15000 r--s 0000a000 08:11 5514345                    /home/adis/.gradle/caches/jars-3/d37aa405961c464c627b1efe5def81b8/asm-commons-5.1.jar
7fb365d15000-7fb365d16000 r--s 00004000 08:11 5514343                    /home/adis/.gradle/caches/jars-3/2b2689d10a4425b1cb2d0654db2ea088/asm-analysis-5.1.jar
7fb365d16000-7fb365d1a000 r--s 0002e000 08:11 5396406                    /home/adis/.gradle/caches/jars-3/7844948b119640730aae7d1024fe376e/compilerCommon-3.0.0.jar
7fb365d1a000-7fb365d1c000 r--s 00003000 08:11 5396412                    /home/adis/.gradle/caches/jars-3/93282345f8a1cdba41f206997292df6a/gradle-api-3.0.0.jar
7fb365d1c000-7fb365d2b000 r--s 000cb000 08:11 5396410                    /home/adis/.gradle/caches/jars-3/f5905f482fd3ae4156449764362d5347/uast-26.0.0.jar
7fb365d2b000-7fb365f0d000 r--s 01a45000 08:11 6042576                    /home/adis/.gradle/caches/jars-3/f58e399bf7514751475f325920291a60/kotlin-compiler-embeddable-1.1.51.jar
7fb365f0d000-7fb365f1c000 r--s 000c9000 08:11 6042572                    /home/adis/.gradle/caches/jars-3/ef4da14216d3b0139bc27dec26ccbd58/kotlin-stdlib-1.1.51.jar
7fb365f1c000-7fb365f4e000 r--s 0021b000 08:11 5396402                    /home/adis/.gradle/caches/jars-3/24b2127528a18b338af82ff7ea236d45/kotlin-reflect-1.1.3-2.jar
7fb365f4e000-7fb365f54000 r--s 00030000 08:11 5396400                    /home/adis/.gradle/caches/jars-3/ed1566eb5e13985bd2441d4d9fb001bc/repository-26.0.0.jar
7fb365f54000-7fb365f5f000 r--s 0009b000 08:11 5396398                    /home/adis/.gradle/caches/jars-3/010a8562e37fa93874e94473b7b1b739/sdklib-26.0.0.jar
7fb365f5f000-7fb365f8f000 r--s 01983000 08:11 5396386                    /home/adis/.gradle/caches/jars-3/9d8abc21f07cf6634ed8d5a72c47a95f/builder-3.0.0.jar
7fb365f8f000-7fb365f92000 ---p 00000000 00:00 0 
7fb365f92000-7fb366090000 rw-p 00000000 00:00 0 
7fb366090000-7fb366093000 ---p 00000000 00:00 0 
7fb366093000-7fb366191000 rw-p 00000000 00:00 0 
7fb366191000-7fb366194000 ---p 00000000 00:00 0 
7fb366194000-7fb366292000 rw-p 00000000 00:00 0 
7fb366292000-7fb366295000 ---p 00000000 00:00 0 
7fb366295000-7fb366593000 rw-p 00000000 00:00 0 
7fb366593000-7fb366793000 rw-p 00000000 00:00 0 
7fb366793000-7fb366796000 ---p 00000000 00:00 0 
7fb366796000-7fb366a94000 rw-p 00000000 00:00 0 
7fb366a94000-7fb366c94000 rw-p 00000000 00:00 0 
7fb366c94000-7fb366c96000 r--s 00015000 08:11 6042574                    /home/adis/.gradle/caches/jars-3/c98c8f72de51bce2df45abaab5cf3ef3/kotlin-compiler-runner-1.1.51.jar
7fb366c96000-7fb366ca5000 r--s 000da000 08:11 5396396                    /home/adis/.gradle/caches/jars-3/855bd024c9103048d08cf3d6b4ccafaf/sdk-common-26.0.0.jar
7fb366ca5000-7fb366ca9000 r--s 00023000 08:11 5396394                    /home/adis/.gradle/caches/jars-3/901a1ffe8b1c867d10bb96d1ffa22bf8/manifest-merger-26.0.0.jar
7fb366ca9000-7fb366cb0000 r--s 0007f000 08:11 5396392                    /home/adis/.gradle/caches/jars-3/96f25077deeaace8d84ee1787aad54fd/lint-api-26.0.0.jar
7fb366cb0000-7fb366cb9000 r--s 000ff000 08:11 5396390                    /home/adis/.gradle/caches/jars-3/f0348591fd8e5cf1f09289c2cddb6498/lint-checks-26.0.0.jar
7fb366cb9000-7fb366cbc000 r--s 00039000 08:11 5396388                    /home/adis/.gradle/caches/jars-3/6acf45ba7bd0fd34186c06e50fa1a773/lint-26.0.0.jar
7fb366cbc000-7fb366cc0000 r--s 00032000 08:11 6042570                    /home/adis/.gradle/caches/jars-3/744c2f8bc8d33daef489d5e8caac1742/kotlin-annotation-processing-1.1.51.jar
7fb366cc0000-7fb366ce3000 r--s 0020b000 08:11 5396384                    /home/adis/.gradle/caches/jars-3/6580be06fa7f5eae6309ca3ad3a20624/gradle-core-3.0.0.jar
7fb366ce3000-7fb366ce9000 r--s 00041000 08:11 6042566                    /home/adis/.gradle/caches/jars-3/708e8cd98847a12d225847daccfff67c/kotlin-android-extensions-1.1.51.jar
7fb366ce9000-7fb366cf4000 r--s 0007d000 08:11 6042564                    /home/adis/.gradle/caches/jars-3/04bf982734459a3bd6ec29bd6e4e0e17/kotlin-gradle-plugin-1.1.51.jar
7fb366cf4000-7fb366ef4000 rw-p 00000000 00:00 0 
7fb366ef4000-7fb3670f4000 rw-p 00000000 00:00 0 
7fb3670f4000-7fb3672f4000 rw-p 00000000 00:00 0 
7fb3672f4000-7fb36740f000 r--s 02003000 08:11 5657189                    /home/adis/.gradle/caches/jars-3/c3a861bd52df0d090198c58877bf8e11/android.jar
7fb36740f000-7fb367416000 r--s 0002a000 08:11 5124338                    /home/adis/.gradle/caches/jars-3/fff47aec37b967e571b648d1fc9c6db6/gradle-messaging-3.5.jar
7fb367416000-7fb367458000 r--s 00220000 08:11 5124322                    /home/adis/.gradle/caches/jars-3/929747bc6b973b44297e9c57df71598d/gradle-core-3.5.jar
7fb367458000-7fb367480000 r--s 001cf000 08:11 5124306                    /home/adis/.gradle/caches/jars-3/566e7e0f530f75a42eba4833ef84d88c/guava-jdk5-17.0.jar
7fb367480000-7fb3674f9000 r--s 010e5000 08:11 4350636                    /usr/lib/jvm/java-8-oracle/lib/tools.jar
7fb3674f9000-7fb3674fc000 ---p 00000000 00:00 0 
7fb3674fc000-7fb3677fa000 rw-p 00000000 00:00 0 
7fb3677fa000-7fb3677fd000 ---p 00000000 00:00 0 
7fb3677fd000-7fb3678fb000 rw-p 00000000 00:00 0 
7fb3678fb000-7fb3678fe000 ---p 00000000 00:00 0 
7fb3678fe000-7fb367bfc000 rw-p 00000000 00:00 0 
7fb367bfc000-7fb367bff000 ---p 00000000 00:00 0 
7fb367bff000-7fb367cfd000 rw-p 00000000 00:00 0 
7fb367cfd000-7fb367d00000 ---p 00000000 00:00 0 
7fb367d00000-7fb367dfe000 rw-p 00000000 00:00 0 
7fb367dfe000-7fb367e01000 ---p 00000000 00:00 0 
7fb367e01000-7fb367eff000 rw-p 00000000 00:00 0 
7fb367eff000-7fb367f02000 ---p 00000000 00:00 0 
7fb367f02000-7fb368000000 rw-p 00000000 00:00 0 
7fb368000000-7fb368021000 rw-p 00000000 00:00 0 
7fb368021000-7fb36c000000 ---p 00000000 00:00 0 
7fb36c000000-7fb36c029000 rw-p 00000000 00:00 0 
7fb36c029000-7fb370000000 ---p 00000000 00:00 0 
7fb370000000-7fb370079000 rw-p 00000000 00:00 0 
7fb370079000-7fb374000000 ---p 00000000 00:00 0 
7fb374000000-7fb374021000 rw-p 00000000 00:00 0 
7fb374021000-7fb378000000 ---p 00000000 00:00 0 
7fb378000000-7fb378021000 rw-p 00000000 00:00 0 
7fb378021000-7fb37c000000 ---p 00000000 00:00 0 
7fb37c000000-7fb37c001000 r--s 00000000 08:11 5396414                    /home/adis/.gradle/caches/jars-3/5206138fb8a6b2ffbd31e140916c2100/transform-api-2.0.0-deprecated-use-gradle-api.jar
7fb37c001000-7fb37c003000 r--s 00000000 08:11 6042568                    /home/adis/.gradle/caches/jars-3/804b406e4910d722cbeb4d03bf62493f/kotlin-gradle-plugin-api-1.1.51.jar
7fb37c003000-7fb37c004000 r--s 00006000 08:11 2359350                    /home/adis/.gradle/caches/modules-2/files-2.1/com.google.gms/google-services/3.0.0/ee538ce9cf4148485e43017c5542202b8c78ff8e/google-services-3.0.0.jar
7fb37c004000-7fb37c006000 r--s 0000f000 08:11 5396382                    /home/adis/.gradle/caches/jars-3/119369196b5bc94e9595652e20112cf5/gradle-3.0.0.jar
7fb37c006000-7fb37c00b000 r--s 00041000 08:11 5124330                    /home/adis/.gradle/caches/jars-3/c0502f5c2cf6dfd52d250e1b7d027d24/commons-lang-2.6.jar
7fb37c00b000-7fb37c014000 r--s 00047000 08:11 5124314                    /home/adis/.gradle/caches/jars-3/11d06a5dce89fe5632250b7df00a3d57/gradle-base-services-3.5.jar
7fb37c014000-7fb37c022000 r--s 00043000 08:11 5124298                    /home/adis/.gradle/caches/jars-3/c0d1da18a547ef3a2ba66d3068ae6e09/gradle-tooling-api-3.5.jar
7fb37c022000-7fb37c025000 ---p 00000000 00:00 0 
7fb37c025000-7fb37c123000 rw-p 00000000 00:00 0 
7fb37c123000-7fb37c126000 ---p 00000000 00:00 0 
7fb37c126000-7fb37c224000 rw-p 00000000 00:00 0 
7fb37c224000-7fb37c227000 ---p 00000000 00:00 0 
7fb37c227000-7fb37c325000 rw-p 00000000 00:00 0 
7fb37c325000-7fb37c32c000 r--s 00000000 08:11 4220467                    /usr/lib/x86_64-linux-gnu/gconv/gconv-modules.cache
7fb37c32c000-7fb37c32f000 ---p 00000000 00:00 0 
7fb37c32f000-7fb37c42d000 rw-p 00000000 00:00 0 
7fb37c42d000-7fb37c431000 r--s 00097000 08:11 5136670                    /usr/lib/jvm/java-8-oracle/jre/lib/jsse.jar
7fb37c431000-7fb37c631000 rw-p 00000000 00:00 0 
7fb37c631000-7fb37c634000 ---p 00000000 00:00 0 
7fb37c634000-7fb37c732000 rw-p 00000000 00:00 0 
7fb37c732000-7fb37c73b000 r-xp 00000000 08:11 5136760                    /usr/lib/jvm/java-8-oracle/jre/lib/amd64/libmanagement.so
7fb37c73b000-7fb37c93a000 ---p 00009000 08:11 5136760                    /usr/lib/jvm/java-8-oracle/jre/lib/amd64/libmanagement.so
7fb37c93a000-7fb37c93b000 rw-p 00008000 08:11 5136760                    /usr/lib/jvm/java-8-oracle/jre/lib/amd64/libmanagement.so
7fb37c93b000-7fb37c93d000 r--s 00007000 08:11 4865781                    /home/adis/.gradle/wrapper/dists/gradle-4.1-all/bzyivzo6n839fup2jbap0tjew/gradle-4.1/lib/plugins/gradle-tooling-api-builders-4.1.jar
7fb37c93d000-7fb37c940000 r--s 00009000 08:11 4865792                    /home/adis/.gradle/wrapper/dists/gradle-4.1-all/bzyivzo6n839fup2jbap0tjew/gradle-4.1/lib/plugins/gradle-testing-native-4.1.jar
7fb37c940000-7fb37c942000 r--s 00009000 08:11 4865873                    /home/adis/.gradle/wrapper/dists/gradle-4.1-all/bzyivzo6n839fup2jbap0tjew/gradle-4.1/lib/plugins/hamcrest-core-1.3.jar
7fb37c942000-7fb37c947000 r--s 00040000 08:11 4865867                    /home/adis/.gradle/wrapper/dists/gradle-4.1-all/bzyivzo6n839fup2jbap0tjew/gradle-4.1/lib/plugins/bsh-2.0b4.jar
7fb37c947000-7fb37c949000 r--s 00006000 08:11 4865869                    /home/adis/.gradle/wrapper/dists/gradle-4.1-all/bzyivzo6n839fup2jbap0tjew/gradle-4.1/lib/plugins/jcommander-1.12.jar
7fb37c949000-7fb37c94f000 r--s 00033000 08:11 4865870                    /home/adis/.gradle/wrapper/dists/gradle-4.1-all/bzyivzo6n839fup2jbap0tjew/gradle-4.1/lib/plugins/snakeyaml-1.6.jar
7fb37c94f000-7fb37c958000 r--s 00089000 08:11 4865823                    /home/adis/.gradle/wrapper/dists/gradle-4.1-all/bzyivzo6n839fup2jbap0tjew/gradle-4.1/lib/plugins/testng-6.3.1.jar
7fb37c958000-7fb37c960000 r--s 00045000 08:11 4865824                    /home/adis/.gradle/wrapper/dists/gradle-4.1-all/bzyivzo6n839fup2jbap0tjew/gradle-4.1/lib/plugins/junit-4.12.jar
7fb37c960000-7fb37c966000 r--s 0002e000 08:11 4865787                    /home/adis/.gradle/wrapper/dists/gradle-4.1-all/bzyivzo6n839fup2jbap0tjew/gradle-4.1/lib/plugins/gradle-testing-jvm-4.1.jar
7fb37c966000-7fb37c96a000 r--s 00017000 08:11 4865797                    /home/adis/.gradle/wrapper/dists/gradle-4.1-all/bzyivzo6n839fup2jbap0tjew/gradle-4.1/lib/plugins/gradle-testing-base-4.1.jar
7fb37c96a000-7fb37c971000 r--s 00038000 08:11 4865818                    /home/adis/.gradle/wrapper/dists/gradle-4.1-all/bzyivzo6n839fup2jbap0tjew/gradle-4.1/lib/plugins/bcpg-jdk15on-1.51.jar
7fb37c971000-7fb37c973000 r--s 0000c000 08:11 4865760                    /home/adis/.gradle/wrapper/dists/gradle-4.1-all/bzyivzo6n839fup2jbap0tjew/gradle-4.1/lib/plugins/gradle-signing-4.1.jar
7fb37c973000-7fb37c975000 r--s 00007000 08:11 4865770                    /home/adis/.gradle/wrapper/dists/gradle-4.1-all/bzyivzo6n839fup2jbap0tjew/gradle-4.1/lib/plugins/gradle-scala-4.1.jar
7fb37c975000-7fb37c976000 r--s 00004000 08:11 4865805                    /home/adis/.gradle/wrapper/dists/gradle-4.1-all/bzyivzo6n839fup2jbap0tjew/gradle-4.1/lib/plugins/gradle-resources-sftp-4.1.jar
7fb37c976000-7fb37c986000 r--s 00088000 08:11 4865838                    /home/adis/.gradle/wrapper/dists/gradle-4.1-all/bzyivzo6n839fup2jbap0tjew/gradle-4.1/lib/plugins/joda-time-2.8.2.jar
7fb37c986000-7fb37c997000 r--s 0010d000 08:11 4865837                    /home/adis/.gradle/wrapper/dists/gradle-4.1-all/bzyivzo6n839fup2jbap0tjew/gradle-4.1/lib/plugins/jackson-databind-2.6.6.jar
7fb37c997000-7fb37c99a000 r--s 00009000 08:11 4865835                    /home/adis/.gradle/wrapper/dists/gradle-4.1-all/bzyivzo6n839fup2jbap0tjew/gradle-4.1/lib/plugins/jackson-annotations-2.6.6.jar
7fb37c99a000-7fb37c99e000 r--s 0003c000 08:11 4865834                    /home/adis/.gradle/wrapper/dists/gradle-4.1-all/bzyivzo6n839fup2jbap0tjew/gradle-4.1/lib/plugins/jackson-core-2.6.6.jar
7fb37c99e000-7fb37c9ac000 r--s 00087000 08:11 4865833                    /home/adis/.gradle/wrapper/dists/gradle-4.1-all/bzyivzo6n839fup2jbap0tjew/gradle-4.1/lib/plugins/aws-java-sdk-core-1.11.6.jar
7fb37c9ac000-7fb37c9b3000 r--s 00057000 08:11 4865832                    /home/adis/.gradle/wrapper/dists/gradle-4.1-all/bzyivzo6n839fup2jbap0tjew/gradle-4.1/lib/plugins/aws-java-sdk-kms-1.11.6.jar
7fb37c9b3000-7fb37c9c0000 r--s 0008e000 08:11 4865831                    /home/adis/.gradle/wrapper/dists/gradle-4.1-all/bzyivzo6n839fup2jbap0tjew/gradle-4.1/lib/plugins/aws-java-sdk-s3-1.11.6.jar
7fb37c9c0000-7fb37c9c2000 r--s 00004000 08:11 4865802                    /home/adis/.gradle/wrapper/dists/gradle-4.1-all/bzyivzo6n839fup2jbap0tjew/gradle-4.1/lib/plugins/gradle-resources-s3-4.1.jar
7fb37c9c2000-7fb37c9c4000 r--s 00010000 08:11 4865798                    /home/adis/.gradle/wrapper/dists/gradle-4.1-all/bzyivzo6n839fup2jbap0tjew/gradle-4.1/lib/plugins/gradle-reporting-4.1.jar
7fb37c9c4000-7fb37c9c6000 r--s 00002000 08:11 4865799                    /home/adis/.gradle/wrapper/dists/gradle-4.1-all/bzyivzo6n839fup2jbap0tjew/gradle-4.1/lib/plugins/gradle-publish-4.1.jar
7fb37c9c6000-7fb37c9c8000 r--s 00009000 08:11 4865810                    /home/adis/.gradle/wrapper/dists/gradle-4.1-all/bzyivzo6n839fup2jbap0tjew/gradle-4.1/lib/plugins/commons-cli-1.2.jar
7fb37c9c8000-7fb37c9ce000 r--s 00036000 08:11 4865779                    /home/adis/.gradle/wrapper/dists/gradle-4.1-all/bzyivzo6n839fup2jbap0tjew/gradle-4.1/lib/plugins/gradle-plugins-4.1.jar
7fb37c9ce000-7fb37c9d0000 r--s 00009000 08:11 4865761                    /home/adis/.gradle/wrapper/dists/gradle-4.1-all/bzyivzo6n839fup2jbap0tjew/gradle-4.1/lib/plugins/gradle-plugin-development-4.1.jar
7fb37c9d0000-7fb37c9d6000 r--s 0002b000 08:11 4865774                    /home/adis/.gradle/wrapper/dists/gradle-4.1-all/bzyivzo6n839fup2jbap0tjew/gradle-4.1/lib/plugins/gradle-platform-play-4.1.jar
7fb37c9d6000-7fb37c9e5000 r--s 0005b000 08:11 4865794                    /home/adis/.gradle/wrapper/dists/gradle-4.1-all/bzyivzo6n839fup2jbap0tjew/gradle-4.1/lib/plugins/gradle-platform-native-4.1.jar
7fb37c9e5000-7fb37c9e9000 r--s 0001b000 08:11 4865791                    /home/adis/.gradle/wrapper/dists/gradle-4.1-all/bzyivzo6n839fup2jbap0tjew/gradle-4.1/lib/plugins/gradle-platform-jvm-4.1.jar
7fb37c9e9000-7fb37c9f1000 r--s 00027000 08:11 4865800                    /home/adis/.gradle/wrapper/dists/gradle-4.1-all/bzyivzo6n839fup2jbap0tjew/gradle-4.1/lib/plugins/gradle-platform-base-4.1.jar
7fb37c9f1000-7fb37ca19000 r--s 0021c000 08:11 4865811                    /home/adis/.gradle/wrapper/dists/gradle-4.1-all/bzyivzo6n839fup2jbap0tjew/gradle-4.1/lib/plugins/biz.aQute.bndlib-3.2.0.jar
7fb37ca19000-7fb37ca1a000 r--s 00004000 08:11 4865759                    /home/adis/.gradle/wrapper/dists/gradle-4.1-all/bzyivzo6n839fup2jbap0tjew/gradle-4.1/lib/plugins/gradle-osgi-4.1.jar
7fb37ca1a000-7fb37ca1d000 r--s 0000c000 08:11 4865815                    /home/adis/.gradle/wrapper/dists/gradle-4.1-all/bzyivzo6n839fup2jbap0tjew/gradle-4.1/lib/plugins/pmaven-groovy-0.8-20100325.jar
7fb37ca1d000-7fb37ca1e000 r--s 00004000 08:11 4865814                    /home/adis/.gradle/wrapper/dists/gradle-4.1-all/bzyivzo6n839fup2jbap0tjew/gradle-4.1/lib/plugins/pmaven-common-0.8-20100325.jar
7fb37ca1e000-7fb37ca24000 r--s 00023000 08:11 4865762                    /home/adis/.gradle/wrapper/dists/gradle-4.1-all/bzyivzo6n839fup2jbap0tjew/gradle-4.1/lib/plugins/gradle-maven-4.1.jar
7fb37ca24000-7fb37ca27000 r--s 0000b000 08:11 4865786                    /home/adis/.gradle/wrapper/dists/gradle-4.1-all/bzyivzo6n839fup2jbap0tjew/gradle-4.1/lib/plugins/gradle-language-scala-4.1.jar
7fb37ca27000-7fb37ca2e000 r--s 00020000 08:11 4865793                    /home/adis/.gradle/wrapper/dists/gradle-4.1-all/bzyivzo6n839fup2jbap0tjew/gradle-4.1/lib/plugins/gradle-language-native-4.1.jar
7fb37ca2e000-7fb37ca30000 r--s 00005000 08:11 4865790                    /home/adis/.gradle/wrapper/dists/gradle-4.1-all/bzyivzo6n839fup2jbap0tjew/gradle-4.1/lib/plugins/gradle-language-jvm-4.1.jar
7fb37ca30000-7fb37ca37000 r--s 0002f000 08:11 4865789                    /home/adis/.gradle/wrapper/dists/gradle-4.1-all/bzyivzo6n839fup2jbap0tjew/gradle-4.1/lib/plugins/gradle-language-java-4.1.jar
7fb37ca37000-7fb37ca3a000 r--s 0000a000 08:11 4865785                    /home/adis/.gradle/wrapper/dists/gradle-4.1-all/bzyivzo6n839fup2jbap0tjew/gradle-4.1/lib/plugins/gradle-language-groovy-4.1.jar
7fb37ca3a000-7fb37ca41000 r--s 00035000 08:11 4865822                    /home/adis/.gradle/wrapper/dists/gradle-4.1-all/bzyivzo6n839fup2jbap0tjew/gradle-4.1/lib/plugins/simple-4.1.21.jar
7fb37ca41000-7fb37ca4d000 r--s 00100000 08:11 4865819                    /home/adis/.gradle/wrapper/dists/gradle-4.1-all/bzyivzo6n839fup2jbap0tjew/gradle-4.1/lib/plugins/rhino-1.7R3.jar
7fb37ca4d000-7fb37ca51000 r--s 00012000 08:11 4865775                    /home/adis/.gradle/wrapper/dists/gradle-4.1-all/bzyivzo6n839fup2jbap0tjew/gradle-4.1/lib/plugins/gradle-javascript-4.1.jar
7fb37ca51000-7fb37ca54000 r--s 00011000 08:11 4865777                    /home/adis/.gradle/wrapper/dists/gradle-4.1-all/bzyivzo6n839fup2jbap0tjew/gradle-4.1/lib/plugins/gradle-jacoco-4.1.jar
7fb37ca54000-7fb37ca57000 r--s 0000e000 08:11 4865776                    /home/adis/.gradle/wrapper/dists/gradle-4.1-all/bzyivzo6n839fup2jbap0tjew/gradle-4.1/lib/plugins/gradle-ivy-4.1.jar
7fb37ca57000-7fb37ca58000 r--s 00002000 08:11 4865767                    /home/adis/.gradle/wrapper/dists/gradle-4.1-all/bzyivzo6n839fup2jbap0tjew/gradle-4.1/lib/plugins/gradle-ide-play-4.1.jar
7fb37ca58000-7fb37ca62000 r--s 00054000 08:11 4865769                    /home/adis/.gradle/wrapper/dists/gradle-4.1-all/bzyivzo6n839fup2jbap0tjew/gradle-4.1/lib/plugins/gradle-ide-4.1.jar
7fb37ca62000-7fb37ca78000 r-xp 00000000 08:11 5244415                    /lib/x86_64-linux-gnu/libgcc_s.so.1
7fb37ca78000-7fb37cc77000 ---p 00016000 08:11 5244415                    /lib/x86_64-linux-gnu/libgcc_s.so.1
7fb37cc77000-7fb37cc78000 r--p 00015000 08:11 5244415                    /lib/x86_64-linux-gnu/libgcc_s.so.1
7fb37cc78000-7fb37cc79000 rw-p 00016000 08:11 5244415                    /lib/x86_64-linux-gnu/libgcc_s.so.1
7fb37cc79000-7fb37cdf1000 r-xp 00000000 08:11 3932564                    /usr/lib/x86_64-linux-gnu/libstdc++.so.6.0.24
7fb37cdf1000-7fb37cff0000 ---p 00178000 08:11 3932564                    /usr/lib/x86_64-linux-gnu/libstdc++.so.6.0.24
7fb37cff0000-7fb37cffa000 r--p 00177000 08:11 3932564                    /usr/lib/x86_64-linux-gnu/libstdc++.so.6.0.24
7fb37cffa000-7fb37cffc000 rw-p 00181000 08:11 3932564                    /usr/lib/x86_64-linux-gnu/libstdc++.so.6.0.24
7fb37cffc000-7fb380000000 rw-p 00000000 00:00 0 
7fb380000000-7fb380021000 rw-p 00000000 00:00 0 
7fb380021000-7fb384000000 ---p 00000000 00:00 0 
7fb384000000-7fb384021000 rw-p 00000000 00:00 0 
7fb384021000-7fb388000000 ---p 00000000 00:00 0 
7fb388000000-7fb389f57000 rw-p 00000000 00:00 0 
7fb389f57000-7fb38c000000 ---p 00000000 00:00 0 
7fb38c000000-7fb38d1ab000 rw-p 00000000 00:00 0 
7fb38d1ab000-7fb390000000 ---p 00000000 00:00 0 
7fb390000000-7fb390021000 rw-p 00000000 00:00 0 
7fb390021000-7fb394000000 ---p 00000000 00:00 0 
7fb394000000-7fb39624b000 rw-p 00000000 00:00 0 
7fb39624b000-7fb398000000 ---p 00000000 00:00 0 
7fb398000000-7fb398021000 rw-p 00000000 00:00 0 
7fb398021000-7fb39c000000 ---p 00000000 00:00 0 
7fb39c000000-7fb39c021000 rw-p 00000000 00:00 0 
7fb39c021000-7fb3a0000000 ---p 00000000 00:00 0 
7fb3a0000000-7fb3a0021000 rw-p 00000000 00:00 0 
7fb3a0021000-7fb3a4000000 ---p 00000000 00:00 0 
7fb3a4000000-7fb3a42ba000 rw-p 00000000 00:00 0 
7fb3a42ba000-7fb3a8000000 ---p 00000000 00:00 0 
7fb3a8000000-7fb3a8044000 rw-p 00000000 00:00 0 
7fb3a8044000-7fb3ac000000 ---p 00000000 00:00 0 
7fb3ac000000-7fb3ac021000 rw-p 00000000 00:00 0 
7fb3ac021000-7fb3b0000000 ---p 00000000 00:00 0 
7fb3b0000000-7fb3b004e000 rw-p 00000000 00:00 0 
7fb3b004e000-7fb3b4000000 ---p 00000000 00:00 0 
7fb3b4000000-7fb3b4003000 r--s 00013000 08:11 4865768                    /home/adis/.gradle/wrapper/dists/gradle-4.1-all/bzyivzo6n839fup2jbap0tjew/gradle-4.1/lib/plugins/gradle-ide-native-4.1.jar
7fb3b4003000-7fb3b4005000 r--s 00007000 08:11 4865773                    /home/adis/.gradle/wrapper/dists/gradle-4.1-all/bzyivzo6n839fup2jbap0tjew/gradle-4.1/lib/plugins/gradle-ear-4.1.jar
7fb3b4005000-7fb3b4007000 r--s 00005000 08:11 4865808                    /home/adis/.gradle/wrapper/dists/gradle-4.1-all/bzyivzo6n839fup2jbap0tjew/gradle-4.1/lib/plugins/jatl-0.2.2.jar
7fb3b4007000-7fb3b400e000 r--s 00038000 08:11 4865795                    /home/adis/.gradle/wrapper/dists/gradle-4.1-all/bzyivzo6n839fup2jbap0tjew/gradle-4.1/lib/plugins/gradle-diagnostics-4.1.jar
7fb3b400e000-7fb3b4010000 r--s 0000b000 08:11 4865783                    /home/adis/.gradle/wrapper/dists/gradle-4.1-all/bzyivzo6n839fup2jbap0tjew/gradle-4.1/lib/plugins/gradle-composite-builds-4.1.jar
7fb3b4010000-7fb3b4015000 r--s 00025000 08:11 4865757                    /home/adis/.gradle/wrapper/dists/gradle-4.1-all/bzyivzo6n839fup2jbap0tjew/gradle-4.1/lib/plugins/gradle-code-quality-4.1.jar
7fb3b4015000-7fb3b401a000 r--s 00022000 08:11 4865778                    /home/adis/.gradle/wrapper/dists/gradle-4.1-all/bzyivzo6n839fup2jbap0tjew/gradle-4.1/lib/plugins/gradle-build-init-4.1.jar
7fb3b401a000-7fb3b4020000 r--s 0008e000 08:11 4865771                    /home/adis/.gradle/wrapper/dists/gradle-4.1-all/bzyivzo6n839fup2jbap0tjew/gradle-4.1/lib/plugins/gradle-build-comparison-4.1.jar
7fb3b4020000-7fb3b4021000 r--s 00002000 08:11 4865803                    /home/adis/.gradle/wrapper/dists/gradle-4.1-all/bzyivzo6n839fup2jbap0tjew/gradle-4.1/lib/plugins/gradle-build-cache-http-4.1.jar
7fb3b4021000-7fb3b4023000 r--s 00008000 08:11 4865758                    /home/adis/.gradle/wrapper/dists/gradle-4.1-all/bzyivzo6n839fup2jbap0tjew/gradle-4.1/lib/plugins/gradle-antlr-4.1.jar
7fb3b4023000-7fb3b4025000 r--s 00004000 08:11 4865784                    /home/adis/.gradle/wrapper/dists/gradle-4.1-all/bzyivzo6n839fup2jbap0tjew/gradle-4.1/lib/plugins/gradle-announce-4.1.jar
7fb3b4025000-7fb3b4027000 r--s 00008000 08:11 4854979                    /home/adis/.gradle/wrapper/dists/gradle-4.1-all/bzyivzo6n839fup2jbap0tjew/gradle-4.1/lib/gradle-kotlin-dsl-tooling-builders-0.10.3.jar
7fb3b4027000-7fb3b402a000 r--s 0001c000 08:11 4865826                    /home/adis/.gradle/wrapper/dists/gradle-4.1-all/bzyivzo6n839fup2jbap0tjew/gradle-4.1/lib/plugins/nekohtml-1.9.14.jar
7fb3b402a000-7fb3b4032000 r--s 00028000 08:11 4865872                    /home/adis/.gradle/wrapper/dists/gradle-4.1-all/bzyivzo6n839fup2jbap0tjew/gradle-4.1/lib/plugins/xml-apis-1.3.04.jar
7fb3b4032000-7fb3b404a000 r--s 00115000 08:11 4865827                    /home/adis/.gradle/wrapper/dists/gradle-4.1-all/bzyivzo6n839fup2jbap0tjew/gradle-4.1/lib/plugins/xercesImpl-2.9.1.jar
7fb3b404a000-7fb3b4050000 r--s 0005b000 08:11 4865825                    /home/adis/.gradle/wrapper/dists/gradle-4.1-all/bzyivzo6n839fup2jbap0tjew/gradle-4.1/lib/plugins/jcifs-1.3.17.jar
7fb3b4050000-7fb3b4057000 r--s 00049000 08:11 4865871                    /home/adis/.gradle/wrapper/dists/gradle-4.1-all/bzyivzo6n839fup2jbap0tjew/gradle-4.1/lib/plugins/httpcore-4.4.4.jar
7fb3b4057000-7fb3b405d000 r--s 00033000 08:11 4865817                    /home/adis/.gradle/wrapper/dists/gradle-4.1-all/bzyivzo6n839fup2jbap0tjew/gradle-4.1/lib/plugins/commons-codec-1.6.jar
7fb3b405d000-7fb3b406a000 r--s 000a4000 08:11 4865809                    /home/adis/.gradle/wrapper/dists/gradle-4.1-all/bzyivzo6n839fup2jbap0tjew/gradle-4.1/lib/plugins/httpclient-4.4.1.jar
7fb3b406a000-7fb3b406c000 r--s 0000b000 08:11 4865804                    /home/adis/.gradle/wrapper/dists/gradle-4.1-all/bzyivzo6n839fup2jbap0tjew/gradle-4.1/lib/plugins/gradle-resources-http-4.1.jar
7fb3b406c000-7fb3b4070000 r--s 00017000 08:11 4865801                    /home/adis/.gradle/wrapper/dists/gradle-4.1-all/bzyivzo6n839fup2jbap0tjew/gradle-4.1/lib/plugins/gradle-plugin-use-4.1.jar
7fb3b4070000-7fb3b4071000 r--s 00000000 08:11 4855016                    /home/adis/.gradle/wrapper/dists/gradle-4.1-all/bzyivzo6n839fup2jbap0tjew/gradle-4.1/lib/gradle-runtime-api-info-4.1.jar
7fb3b4071000-7fb3b4072000 r--s 00000000 08:11 4855151                    /home/adis/.gradle/wrapper/dists/gradle-4.1-all/bzyivzo6n839fup2jbap0tjew/gradle-4.1/lib/gradle-installation-beacon-4.1.jar
7fb3b4072000-7fb3b40b2000 r--s 00277000 08:11 4865840                    /home/adis/.gradle/wrapper/dists/gradle-4.1-all/bzyivzo6n839fup2jbap0tjew/gradle-4.1/lib/plugins/bcprov-jdk15on-1.51.jar
7fb3b40b2000-7fb3b40b6000 r--s 0001d000 08:11 4865839                    /home/adis/.gradle/wrapper/dists/gradle-4.1-all/bzyivzo6n839fup2jbap0tjew/gradle-4.1/lib/plugins/xbean-reflect-3.4.jar
7fb3b40b6000-7fb3b40b8000 r--s 0000a000 08:11 4865841                    /home/adis/.gradle/wrapper/dists/gradle-4.1-all/bzyivzo6n839fup2jbap0tjew/gradle-4.1/lib/plugins/maven-settings-3.0.4.jar
7fb3b40b8000-7fb3b40bb000 r--s 00008000 08:11 4865842                    /home/adis/.gradle/wrapper/dists/gradle-4.1-all/bzyivzo6n839fup2jbap0tjew/gradle-4.1/lib/plugins/maven-settings-builder-3.0.4.jar
7fb3b40bb000-7fb3b40bf000 r--s 00033000 08:11 4865843                    /home/adis/.gradle/wrapper/dists/gradle-4.1-all/bzyivzo6n839fup2jbap0tjew/gradle-4.1/lib/plugins/plexus-utils-2.0.6.jar
7fb3b40bf000-7fb3b40c1000 r--s 0000d000 08:11 4865845                    /home/adis/.gradle/wrapper/dists/gradle-4.1-all/bzyivzo6n839fup2jbap0tjew/gradle-4.1/lib/plugins/plexus-interpolation-1.14.jar
7fb3b40c1000-7fb3b40c3000 r--s 00000000 08:11 4865816                    /home/adis/.gradle/wrapper/dists/gradle-4.1-all/bzyivzo6n839fup2jbap0tjew/gradle-4.1/lib/plugins/plexus-component-annotations-1.5.5.jar
7fb3b40c3000-7fb3b40ca000 r--s 0002e000 08:11 4865846                    /home/adis/.gradle/wrapper/dists/gradle-4.1-all/bzyivzo6n839fup2jbap0tjew/gradle-4.1/lib/plugins/plexus-container-default-1.5.5.jar
7fb3b40ca000-7fb3b40cc000 r--s 0000a000 08:11 4865847                    /home/adis/.gradle/wrapper/dists/gradle-4.1-all/bzyivzo6n839fup2jbap0tjew/gradle-4.1/lib/plugins/plexus-classworlds-2.4.jar
7fb3b40cc000-7fb3b40ce000 r--s 00002000 08:11 4865848                    /home/adis/.gradle/wrapper/dists/gradle-4.1-all/bzyivzo6n839fup2jbap0tjew/gradle-4.1/lib/plugins/plexus-cipher-1.7.jar
7fb3b40ce000-7fb3b40cf000 r--s 00006000 08:11 4865849                    /home/adis/.gradle/wrapper/dists/gradle-4.1-all/bzyivzo6n839fup2jbap0tjew/gradle-4.1/lib/plugins/plexus-sec-dispatcher-1.3.jar
7fb3b40cf000-7fb3b40d5000 r--s 0003f000 08:11 4865850                    /home/adis/.gradle/wrapper/dists/gradle-4.1-all/bzyivzo6n839fup2jbap0tjew/gradle-4.1/lib/plugins/maven-compat-3.0.4.jar
7fb3b40d5000-7fb3b40d9000 r--s 00021000 08:11 4865851                    /home/adis/.gradle/wrapper/dists/gradle-4.1-all/bzyivzo6n839fup2jbap0tjew/gradle-4.1/lib/plugins/maven-model-builder-3.0.4.jar
7fb3b40d9000-7fb3b40db000 r--s 00026000 08:11 4865852                    /home/adis/.gradle/wrapper/dists/gradle-4.1-all/bzyivzo6n839fup2jbap0tjew/gradle-4.1/lib/plugins/maven-model-3.0.4.jar
7fb3b40db000-7fb3b40dd000 r--s 0000b000 08:11 4865853                    /home/adis/.gradle/wrapper/dists/gradle-4.1-all/bzyivzo6n839fup2jbap0tjew/gradle-4.1/lib/plugins/maven-artifact-3.0.4.jar
7fb3b40dd000-7fb3b40df000 r--s 00006000 08:11 4865854                    /home/adis/.gradle/wrapper/dists/gradle-4.1-all/bzyivzo6n839fup2jbap0tjew/gradle-4.1/lib/plugins/maven-repository-metadata-3.0.4.jar
7fb3b40df000-7fb3b40e1000 r--s 0000b000 08:11 4865855                    /home/adis/.gradle/wrapper/dists/gradle-4.1-all/bzyivzo6n839fup2jbap0tjew/gradle-4.1/lib/plugins/maven-plugin-api-3.0.4.jar
7fb3b40e1000-7fb3b40e3000 r--s 0000c000 08:11 4865856                    /home/adis/.gradle/wrapper/dists/gradle-4.1-all/bzyivzo6n839fup2jbap0tjew/gradle-4.1/lib/plugins/maven-aether-provider-3.0.4.jar
7fb3b40e3000-7fb3b40e4000 r--s 00002000 08:11 4865857                    /home/adis/.gradle/wrapper/dists/gradle-4.1-all/bzyivzo6n839fup2jbap0tjew/gradle-4.1/lib/plugins/wagon-file-2.4.jar
7fb3b40e4000-7fb3b40e5000 r--s 00002000 08:11 4865858                    /home/adis/.gradle/wrapper/dists/gradle-4.1-all/bzyivzo6n839fup2jbap0tjew/gradle-4.1/lib/plugins/wagon-http-2.4.jar
7fb3b40e5000-7fb3b40e7000 r--s 0000b000 08:11 4865859                    /home/adis/.gradle/wrapper/dists/gradle-4.1-all/bzyivzo6n839fup2jbap0tjew/gradle-4.1/lib/plugins/wagon-provider-api-2.4.jar
7fb3b40e7000-7fb3b40e8000 r--s 00007000 08:11 4865861                    /home/adis/.gradle/wrapper/dists/gradle-4.1-all/bzyivzo6n839fup2jbap0tjew/gradle-4.1/lib/plugins/wagon-http-shared4-2.4.jar
7fb3b40e8000-7fb3b40eb000 r--s 00013000 08:11 4865862                    /home/adis/.gradle/wrapper/dists/gradle-4.1-all/bzyivzo6n839fup2jbap0tjew/gradle-4.1/lib/plugins/aether-api-1.13.1.jar
7fb3b40eb000-7fb3b40ee000 r--s 0001d000 08:11 4865863                    /home/adis/.gradle/wrapper/dists/gradle-4.1-all/bzyivzo6n839fup2jbap0tjew/gradle-4.1/lib/plugins/aether-impl-1.13.1.jar
7fb3b40ee000-7fb3b40ef000 r--s 00003000 08:11 4865864                    /home/adis/.gradle/wrapper/dists/gradle-4.1-all/bzyivzo6n839fup2jbap0tjew/gradle-4.1/lib/plugins/aether-spi-1.13.1.jar
7fb3b40ef000-7fb3b40f3000 r--s 0001c000 08:11 4865865                    /home/adis/.gradle/wrapper/dists/gradle-4.1-all/bzyivzo6n839fup2jbap0tjew/gradle-4.1/lib/plugins/aether-util-1.13.1.jar
7fb3b40f3000-7fb3b40f5000 r--s 00006000 08:11 4865866                    /home/adis/.gradle/wrapper/dists/gradle-4.1-all/bzyivzo6n839fup2jbap0tjew/gradle-4.1/lib/plugins/aether-connector-wagon-1.13.1.jar
7fb3b40f5000-7fb3b4101000 r--s 0007d000 08:11 4865813                    /home/adis/.gradle/wrapper/dists/gradle-4.1-all/bzyivzo6n839fup2jbap0tjew/gradle-4.1/lib/plugins/maven-core-3.0.4.jar
7fb3b4101000-7fb3b4106000 r--s 00034000 08:11 4865821                    /home/adis/.gradle/wrapper/dists/gradle-4.1-all/bzyivzo6n839fup2jbap0tjew/gradle-4.1/lib/plugins/gson-2.7.jar
7fb3b4106000-7fb3b410b000 r--s 00040000 08:11 4865830                    /home/adis/.gradle/wrapper/dists/gradle-4.1-all/bzyivzo6n839fup2jbap0tjew/gradle-4.1/lib/plugins/jsch-0.1.54.jar
7fb3b410b000-7fb3b411a000 r--s 000d9000 08:11 4865829                    /home/adis/.gradle/wrapper/dists/gradle-4.1-all/bzyivzo6n839fup2jbap0tjew/gradle-4.1/lib/plugins/ivy-2.2.0.jar
7fb3b411a000-7fb3b413e000 r--s 0011a000 08:11 4865807                    /home/adis/.gradle/wrapper/dists/gradle-4.1-all/bzyivzo6n839fup2jbap0tjew/gradle-4.1/lib/plugins/gradle-dependency-management-4.1.jar
7fb3b413e000-7fb3b4141000 r--s 0000d000 08:11 4865806                    /home/adis/.gradle/wrapper/dists/gradle-4.1-all/bzyivzo6n839fup2jbap0tjew/gradle-4.1/lib/plugins/gradle-workers-4.1.jar
7fb3b4141000-7fb3b4146000 r-xp 00000000 08:11 4589578                    /home/adis/.gradle/native/25/linux-amd64/libnative-platform.so
7fb3b4146000-7fb3b4345000 ---p 00005000 08:11 4589578                    /home/adis/.gradle/native/25/linux-amd64/libnative-platform.so
7fb3b4345000-7fb3b4346000 rw-p 00004000 08:11 4589578                    /home/adis/.gradle/native/25/linux-amd64/libnative-platform.so
7fb3b4346000-7fb3b4357000 r-xp 00000000 08:11 5136749                    /usr/lib/jvm/java-8-oracle/jre/lib/amd64/libnio.so
7fb3b4357000-7fb3b4556000 ---p 00011000 08:11 5136749                    /usr/lib/jvm/java-8-oracle/jre/lib/amd64/libnio.so
7fb3b4556000-7fb3b4557000 rw-p 00010000 08:11 5136749                    /usr/lib/jvm/java-8-oracle/jre/lib/amd64/libnio.so
7fb3b4557000-7fb3b456d000 r-xp 00000000 08:11 5136726                    /usr/lib/jvm/java-8-oracle/jre/lib/amd64/libnet.so
7fb3b456d000-7fb3b476d000 ---p 00016000 08:11 5136726                    /usr/lib/jvm/java-8-oracle/jre/lib/amd64/libnet.so
7fb3b476d000-7fb3b476e000 rw-p 00016000 08:11 5136726                    /usr/lib/jvm/java-8-oracle/jre/lib/amd64/libnet.so
7fb3b476e000-7fb3b476f000 r--s 00006000 08:11 4855033                    /home/adis/.gradle/wrapper/dists/gradle-4.1-all/bzyivzo6n839fup2jbap0tjew/gradle-4.1/lib/gradle-wrapper-4.1.jar
7fb3b476f000-7fb3b477c000 r--s 00043000 08:11 4855023                    /home/adis/.gradle/wrapper/dists/gradle-4.1-all/bzyivzo6n839fup2jbap0tjew/gradle-4.1/lib/gradle-tooling-api-4.1.jar
7fb3b477c000-7fb3b478b000 r--s 000c8000 08:11 4854995                    /home/adis/.gradle/wrapper/dists/gradle-4.1-all/bzyivzo6n839fup2jbap0tjew/gradle-4.1/lib/kotlin-stdlib-1.1.3-2.jar
7fb3b478b000-7fb3b47bd000 r--s 0021b000 08:11 4854986                    /home/adis/.gradle/wrapper/dists/gradle-4.1-all/bzyivzo6n839fup2jbap0tjew/gradle-4.1/lib/kotlin-reflect-1.1.3-2.jar
7fb3b47bd000-7fb3b4974000 r--s 01786000 08:11 4854981                    /home/adis/.gradle/wrapper/dists/gradle-4.1-all/bzyivzo6n839fup2jbap0tjew/gradle-4.1/lib/kotlin-compiler-embeddable-1.1.3-2.jar
7fb3b4974000-7fb3b4975000 r--s 00000000 08:11 4854980                    /home/adis/.gradle/wrapper/dists/gradle-4.1-all/bzyivzo6n839fup2jbap0tjew/gradle-4.1/lib/gradle-kotlin-dsl-tooling-models-0.10.3.jar
7fb3b4975000-7fb3b4976000 r--s 00001000 08:11 4854974                    /home/adis/.gradle/wrapper/dists/gradle-4.1-all/bzyivzo6n839fup2jbap0tjew/gradle-4.1/lib/gradle-kotlin-dsl-compiler-plugin-0.10.3.jar
7fb3b4976000-7fb3b4978000 r--s 00003000 08:11 4854971                    /home/adis/.gradle/wrapper/dists/gradle-4.1-all/bzyivzo6n839fup2jbap0tjew/gradle-4.1/lib/annotations-13.0.jar
7fb3b4978000-7fb3b4982000 r--s 00073000 08:11 4854972                    /home/adis/.gradle/wrapper/dists/gradle-4.1-all/bzyivzo6n839fup2jbap0tjew/gradle-4.1/lib/gradle-kotlin-dsl-0.10.3.jar
7fb3b4982000-7fb3b4987000 r--s 00013000 08:11 4855194                    /home/adis/.gradle/wrapper/dists/gradle-4.1-all/bzyivzo6n839fup2jbap0tjew/gradle-4.1/lib/gradle-resources-4.1.jar
7fb3b4987000-7fb3b4989000 r--s 00005000 08:11 4855201                    /home/adis/.gradle/wrapper/dists/gradle-4.1-all/bzyivzo6n839fup2jbap0tjew/gradle-4.1/lib/gradle-cli-4.1.jar
7fb3b4989000-7fb3b498b000 r--s 00003000 08:11 4865722                    /home/adis/.gradle/wrapper/dists/gradle-4.1-all/bzyivzo6n839fup2jbap0tjew/gradle-4.1/lib/jcl-over-slf4j-1.7.10.jar
7fb3b498b000-7fb3b498c000 r--s 00005000 08:11 4865721                    /home/adis/.gradle/wrapper/dists/gradle-4.1-all/bzyivzo6n839fup2jbap0tjew/gradle-4.1/lib/log4j-over-slf4j-1.7.10.jar
7fb3b498c000-7fb3b498e000 r--s 00000000 08:11 4865720                    /home/adis/.gradle/wrapper/dists/gradle-4.1-all/bzyivzo6n839fup2jbap0tjew/gradle-4.1/lib/jul-to-slf4j-1.7.10.jar
7fb3b498e000-7fb3b4995000 r--s 0002c000 08:11 4855192                    /home/adis/.gradle/wrapper/dists/gradle-4.1-all/bzyivzo6n839fup2jbap0tjew/gradle-4.1/lib/gradle-logging-4.1.jar
7fb3b4995000-7fb3b49a5000 r--s 00082000 08:11 4855197                    /home/adis/.gradle/wrapper/dists/gradle-4.1-all/bzyivzo6n839fup2jbap0tjew/gradle-4.1/lib/gradle-model-core-4.1.jar
7fb3b49a5000-7fb3b49a7000 r--s 00006000 08:11 4855198                    /home/adis/.gradle/wrapper/dists/gradle-4.1-all/bzyivzo6n839fup2jbap0tjew/gradle-4.1/lib/gradle-base-services-groovy-4.1.jar
7fb3b49a7000-7fb3b49a9000 r--s 00007000 08:11 4855196                    /home/adis/.gradle/wrapper/dists/gradle-4.1-all/bzyivzo6n839fup2jbap0tjew/gradle-4.1/lib/gradle-model-groovy-4.1.jar
7fb3b49a9000-7fb3b49aa000 r--s 00002000 08:11 4865735                    /home/adis/.gradle/wrapper/dists/gradle-4.1-all/bzyivzo6n839fup2jbap0tjew/gradle-4.1/lib/gradle-docs-4.1.jar
7fb3b49aa000-7fb3b49b7000 r--s 00083000 08:11 4865733                    /home/adis/.gradle/wrapper/dists/gradle-4.1-all/bzyivzo6n839fup2jbap0tjew/gradle-4.1/lib/commons-collections-3.2.2.jar
7fb3b49b7000-7fb3b49b8000 r--s 00000000 08:11 4865731                    /home/adis/.gradle/wrapper/dists/gradle-4.1-all/bzyivzo6n839fup2jbap0tjew/gradle-4.1/lib/javax.inject-1.jar
7fb3b49b8000-7fb3b4a28000 r--s 00645000 08:11 4865729                    /home/adis/.gradle/wrapper/dists/gradle-4.1-all/bzyivzo6n839fup2jbap0tjew/gradle-4.1/lib/groovy-all-2.4.11.jar
7fb3b4a28000-7fb3b4a2b000 r--s 00023000 08:11 4865736                    /home/adis/.gradle/wrapper/dists/gradle-4.1-all/bzyivzo6n839fup2jbap0tjew/gradle-4.1/lib/jansi-1.14.jar
7fb3b4a2b000-7fb3b4a2c000 r--s 00004000 08:11 4865738                    /home/adis/.gradle/wrapper/dists/gradle-4.1-all/bzyivzo6n839fup2jbap0tjew/gradle-4.1/lib/native-platform-freebsd-amd64-libcpp-0.14.jar
7fb3b4a2c000-7fb3b4a2d000 r--s 00004000 08:11 4865739                    /home/adis/.gradle/wrapper/dists/gradle-4.1-all/bzyivzo6n839fup2jbap0tjew/gradle-4.1/lib/native-platform-freebsd-amd64-libstdcpp-0.14.jar
7fb3b4a2d000-7fb3b4a2e000 r--s 00004000 08:11 4865741                    /home/adis/.gradle/wrapper/dists/gradle-4.1-all/bzyivzo6n839fup2jbap0tjew/gradle-4.1/lib/native-platform-freebsd-i386-libcpp-0.14.jar
7fb3b4a2e000-7fb3b4a2f000 r--s 00003000 08:11 4865742                    /home/adis/.gradle/wrapper/dists/gradle-4.1-all/bzyivzo6n839fup2jbap0tjew/gradle-4.1/lib/native-platform-freebsd-i386-libstdcpp-0.14.jar
7fb3b4a2f000-7fb3b4a30000 r--s 00002000 08:11 4865743                    /home/adis/.gradle/wrapper/dists/gradle-4.1-all/bzyivzo6n839fup2jbap0tjew/gradle-4.1/lib/native-platform-linux-amd64-0.14.jar
7fb3b4a30000-7fb3b4a31000 r--s 00002000 08:11 4865744                    /home/adis/.gradle/wrapper/dists/gradle-4.1-all/bzyivzo6n839fup2jbap0tjew/gradle-4.1/lib/native-platform-linux-i386-0.14.jar
7fb3b4a31000-7fb3b4a33000 r--s 00002000 08:11 4865745                    /home/adis/.gradle/wrapper/dists/gradle-4.1-all/bzyivzo6n839fup2jbap0tjew/gradle-4.1/lib/native-platform-osx-amd64-0.14.jar
7fb3b4a33000-7fb3b4a34000 r--s 00003000 08:11 4865746                    /home/adis/.gradle/wrapper/dists/gradle-4.1-all/bzyivzo6n839fup2jbap0tjew/gradle-4.1/lib/native-platform-osx-i386-0.14.jar
7fb3b4a34000-7fb3b4a36000 r--s 0000b000 08:11 4865747                    /home/adis/.gradle/wrapper/dists/gradle-4.1-all/bzyivzo6n839fup2jbap0tjew/gradle-4.1/lib/native-platform-windows-amd64-0.14.jar
7fb3b4a36000-7fb3b4a37000 r--s 0000b000 08:11 4865749                    /home/adis/.gradle/wrapper/dists/gradle-4.1-all/bzyivzo6n839fup2jbap0tjew/gradle-4.1/lib/native-platform-windows-i386-0.14.jar
7fb3b4a37000-7fb3b4a38000 r--s 00001000 08:11 4865750                    /home/adis/.gradle/wrapper/dists/gradle-4.1-all/bzyivzo6n839fup2jbap0tjew/gradle-4.1/lib/native-platform-linux-amd64-ncurses5-0.14.jar
7fb3b4a38000-7fb3b4a39000 r--s 00001000 08:11 4865751                    /home/adis/.gradle/wrapper/dists/gradle-4.1-all/bzyivzo6n839fup2jbap0tjew/gradle-4.1/lib/native-platform-linux-amd64-ncurses6-0.14.jar
7fb3b4a39000-7fb3b4a3a000 r--s 00001000 08:11 4865752                    /home/adis/.gradle/wrapper/dists/gradle-4.1-all/bzyivzo6n839fup2jbap0tjew/gradle-4.1/lib/native-platform-linux-i386-ncurses5-0.14.jar
7fb3b4a3a000-7fb3b4a3e000 r--s 00012000 08:11 4865734                    /home/adis/.gradle/wrapper/dists/gradle-4.1-all/bzyivzo6n839fup2jbap0tjew/gradle-4.1/lib/native-platform-0.14.jar
7fb3b4a3e000-7fb3b4a41000 r--s 0000c000 08:11 4855195                    /home/adis/.gradle/wrapper/dists/gradle-4.1-all/bzyivzo6n839fup2jbap0tjew/gradle-4.1/lib/gradle-native-4.1.jar
7fb3b4a41000-7fb3b4a43000 r--s 0000f000 08:11 4855232                    /home/adis/.gradle/wrapper/dists/gradle-4.1-all/bzyivzo6n839fup2jbap0tjew/gradle-4.1/lib/reflectasm-1.07-shaded.jar
7fb3b4a43000-7fb3b4a45000 r--s 00000000 08:11 4865754                    /home/adis/.gradle/wrapper/dists/gradle-4.1-all/bzyivzo6n839fup2jbap0tjew/gradle-4.1/lib/minlog-1.2.jar
7fb3b4a45000-7fb3b4a47000 r--s 00007000 08:11 4865755                    /home/adis/.gradle/wrapper/dists/gradle-4.1-all/bzyivzo6n839fup2jbap0tjew/gradle-4.1/lib/objenesis-1.2.jar
7fb3b4a47000-7fb3b4a4b000 r--s 00026000 08:11 4855202                    /home/adis/.gradle/wrapper/dists/gradle-4.1-all/bzyivzo6n839fup2jbap0tjew/gradle-4.1/lib/kryo-2.20.jar
7fb3b4a4b000-7fb3b4a51000 r--s 0002b000 08:11 4855199                    /home/adis/.gradle/wrapper/dists/gradle-4.1-all/bzyivzo6n839fup2jbap0tjew/gradle-4.1/lib/gradle-messaging-4.1.jar
7fb3b4a51000-7fb3b4a79000 r--s 001cf000 08:11 4865725                    /home/adis/.gradle/wrapper/dists/gradle-4.1-all/bzyivzo6n839fup2jbap0tjew/gradle-4.1/lib/guava-jdk5-17.0.jar
7fb3b4a79000-7fb3b4a98000 r--s 001d1000 08:11 4865730                    /home/adis/.gradle/wrapper/dists/gradle-4.1-all/bzyivzo6n839fup2jbap0tjew/gradle-4.1/lib/ant-1.9.6.jar
7fb3b4a98000-7fb3b4ae2000 r--s 00253000 08:11 4855185                    /home/adis/.gradle/wrapper/dists/gradle-4.1-all/bzyivzo6n839fup2jbap0tjew/gradle-4.1/lib/gradle-core-4.1.jar
7fb3b4ae2000-7fb3b4ae3000 ---p 00000000 00:00 0 
7fb3b4ae3000-7fb3b4be3000 rw-p 00000000 00:00 0 
7fb3b4be3000-7fb3b4be6000 ---p 00000000 00:00 0 
7fb3b4be6000-7fb3b4ce4000 rw-p 00000000 00:00 0 
7fb3b4ce4000-7fb3b4ce7000 ---p 00000000 00:00 0 
7fb3b4ce7000-7fb3b4de5000 rw-p 00000000 00:00 0 
7fb3b4de5000-7fb3b4de8000 ---p 00000000 00:00 0 
7fb3b4de8000-7fb3b4ee6000 rw-p 00000000 00:00 0 
7fb3b4ee6000-7fb3b4ee9000 ---p 00000000 00:00 0 
7fb3b4ee9000-7fb3b4fe7000 rw-p 00000000 00:00 0 
7fb3b4fe7000-7fb3b4fea000 ---p 00000000 00:00 0 
7fb3b4fea000-7fb3b50e8000 rw-p 00000000 00:00 0 
7fb3b50e8000-7fb3b54f5000 r--p 00000000 08:11 3938819                    /usr/lib/locale/locale-archive
7fb3b54f5000-7fb3b54f8000 ---p 00000000 00:00 0 
7fb3b54f8000-7fb3b55f6000 rw-p 00000000 00:00 0 
7fb3b55f6000-7fb3b55f9000 ---p 00000000 00:00 0 
7fb3b55f9000-7fb3b56f7000 rw-p 00000000 00:00 0 
7fb3b56f7000-7fb3b56f8000 ---p 00000000 00:00 0 
7fb3b56f8000-7fb3b9000000 rw-p 00000000 00:00 0 
7fb3b9000000-7fb3bab60000 rwxp 00000000 00:00 0 
7fb3bab60000-7fb3c8000000 ---p 00000000 00:00 0 
7fb3c8000000-7fb3c8c7e000 rw-p 00000000 00:00 0 
7fb3c8c7e000-7fb3cc000000 ---p 00000000 00:00 0 
7fb3cc000000-7fb3cc001000 r--s 00001000 08:11 4865753                    /home/adis/.gradle/wrapper/dists/gradle-4.1-all/bzyivzo6n839fup2jbap0tjew/gradle-4.1/lib/native-platform-linux-i386-ncurses6-0.14.jar
7fb3cc001000-7fb3cc003000 r--s 00006000 08:11 4855193                    /home/adis/.gradle/wrapper/dists/gradle-4.1-all/bzyivzo6n839fup2jbap0tjew/gradle-4.1/lib/gradle-process-services-4.1.jar
7fb3cc003000-7fb3cc005000 r--s 00000000 08:11 4855191                    /home/adis/.gradle/wrapper/dists/gradle-4.1-all/bzyivzo6n839fup2jbap0tjew/gradle-4.1/lib/gradle-jvm-services-4.1.jar
7fb3cc005000-7fb3cc006000 r--s 00000000 08:11 4865728                    /home/adis/.gradle/wrapper/dists/gradle-4.1-all/bzyivzo6n839fup2jbap0tjew/gradle-4.1/lib/jcip-annotations-1.0.jar
7fb3cc006000-7fb3cc00b000 r--s 00041000 08:11 4865727                    /home/adis/.gradle/wrapper/dists/gradle-4.1-all/bzyivzo6n839fup2jbap0tjew/gradle-4.1/lib/commons-lang-2.6.jar
7fb3cc00b000-7fb3cc00e000 r--s 00006000 08:11 4865726                    /home/adis/.gradle/wrapper/dists/gradle-4.1-all/bzyivzo6n839fup2jbap0tjew/gradle-4.1/lib/jsr305-1.3.9.jar
7fb3cc00e000-7fb3cc00f000 r--s 00007000 08:11 4865723                    /home/adis/.gradle/wrapper/dists/gradle-4.1-all/bzyivzo6n839fup2jbap0tjew/gradle-4.1/lib/slf4j-api-1.7.10.jar
7fb3cc00f000-7fb3cc013000 r--s 00027000 08:11 4865719                    /home/adis/.gradle/wrapper/dists/gradle-4.1-all/bzyivzo6n839fup2jbap0tjew/gradle-4.1/lib/commons-io-2.2.jar
7fb3cc013000-7fb3cc01b000 r--s 000bd000 08:11 4865702                    /home/adis/.gradle/wrapper/dists/gradle-4.1-all/bzyivzo6n839fup2jbap0tjew/gradle-4.1/lib/asm-debug-all-6.0_ALPHA.jar
7fb3cc01b000-7fb3cc027000 r--s 00053000 08:11 4855200                    /home/adis/.gradle/wrapper/dists/gradle-4.1-all/bzyivzo6n839fup2jbap0tjew/gradle-4.1/lib/gradle-base-services-4.1.jar
7fb3cc027000-7fb3cc7e0000 rw-p 00000000 00:00 0 
7fb3cc7e0000-7fb3cc9b9000 r--s 03d29000 08:11 5136718                    /usr/lib/jvm/java-8-oracle/jre/lib/rt.jar
7fb3cc9b9000-7fb3cd52f000 rw-p 00000000 00:00 0 
7fb3cd52f000-7fb3cd530000 ---p 00000000 00:00 0 
7fb3cd530000-7fb3cd630000 rw-p 00000000 00:00 0 
7fb3cd630000-7fb3cd631000 ---p 00000000 00:00 0 
7fb3cd631000-7fb3cd731000 rw-p 00000000 00:00 0 
7fb3cd731000-7fb3cd732000 ---p 00000000 00:00 0 
7fb3cd732000-7fb3cd832000 rw-p 00000000 00:00 0 
7fb3cd832000-7fb3cd833000 ---p 00000000 00:00 0 
7fb3cd833000-7fb3cd97f000 rw-p 00000000 00:00 0 
7fb3cd97f000-7fb3cdb33000 ---p 00000000 00:00 0 
7fb3cdb33000-7fb3cdb7f000 rw-p 00000000 00:00 0 
7fb3cdb7f000-7fb3cdd33000 ---p 00000000 00:00 0 
7fb3cdd33000-7fb3cddd5000 rw-p 00000000 00:00 0 
7fb3cddd5000-7fb3cde33000 ---p 00000000 00:00 0 
7fb3cde33000-7fb3cdea2000 rw-p 00000000 00:00 0 
7fb3cdea2000-7fb3ce1f4000 ---p 00000000 00:00 0 
7fb3ce1f4000-7fb3ce20e000 r-xp 00000000 08:11 5136747                    /usr/lib/jvm/java-8-oracle/jre/lib/amd64/libzip.so
7fb3ce20e000-7fb3ce40e000 ---p 0001a000 08:11 5136747                    /usr/lib/jvm/java-8-oracle/jre/lib/amd64/libzip.so
7fb3ce40e000-7fb3ce40f000 rw-p 0001a000 08:11 5136747                    /usr/lib/jvm/java-8-oracle/jre/lib/amd64/libzip.so
7fb3ce40f000-7fb3ce41a000 r-xp 00000000 08:11 5251383                    /lib/x86_64-linux-gnu/libnss_files-2.26.so
7fb3ce41a000-7fb3ce619000 ---p 0000b000 08:11 5251383                    /lib/x86_64-linux-gnu/libnss_files-2.26.so
7fb3ce619000-7fb3ce61a000 r--p 0000a000 08:11 5251383                    /lib/x86_64-linux-gnu/libnss_files-2.26.so
7fb3ce61a000-7fb3ce61b000 rw-p 0000b000 08:11 5251383                    /lib/x86_64-linux-gnu/libnss_files-2.26.so
7fb3ce61b000-7fb3ce621000 rw-p 00000000 00:00 0 
7fb3ce621000-7fb3ce62c000 r-xp 00000000 08:11 5251387                    /lib/x86_64-linux-gnu/libnss_nis-2.26.so
7fb3ce62c000-7fb3ce82b000 ---p 0000b000 08:11 5251387                    /lib/x86_64-linux-gnu/libnss_nis-2.26.so
7fb3ce82b000-7fb3ce82c000 r--p 0000a000 08:11 5251387                    /lib/x86_64-linux-gnu/libnss_nis-2.26.so
7fb3ce82c000-7fb3ce82d000 rw-p 0000b000 08:11 5251387                    /lib/x86_64-linux-gnu/libnss_nis-2.26.so
7fb3ce82d000-7fb3ce844000 r-xp 00000000 08:11 5251376                    /lib/x86_64-linux-gnu/libnsl-2.26.so
7fb3ce844000-7fb3cea43000 ---p 00017000 08:11 5251376                    /lib/x86_64-linux-gnu/libnsl-2.26.so
7fb3cea43000-7fb3cea44000 r--p 00016000 08:11 5251376                    /lib/x86_64-linux-gnu/libnsl-2.26.so
7fb3cea44000-7fb3cea45000 rw-p 00017000 08:11 5251376                    /lib/x86_64-linux-gnu/libnsl-2.26.so
7fb3cea45000-7fb3cea47000 rw-p 00000000 00:00 0 
7fb3cea47000-7fb3cea4f000 r-xp 00000000 08:11 5251378                    /lib/x86_64-linux-gnu/libnss_compat-2.26.so
7fb3cea4f000-7fb3cec4e000 ---p 00008000 08:11 5251378                    /lib/x86_64-linux-gnu/libnss_compat-2.26.so
7fb3cec4e000-7fb3cec4f000 r--p 00007000 08:11 5251378                    /lib/x86_64-linux-gnu/libnss_compat-2.26.so
7fb3cec4f000-7fb3cec50000 rw-p 00008000 08:11 5251378                    /lib/x86_64-linux-gnu/libnss_compat-2.26.so
7fb3cec50000-7fb3cec7a000 r-xp 00000000 08:11 5136773                    /usr/lib/jvm/java-8-oracle/jre/lib/amd64/libjava.so
7fb3cec7a000-7fb3cee7a000 ---p 0002a000 08:11 5136773                    /usr/lib/jvm/java-8-oracle/jre/lib/amd64/libjava.so
7fb3cee7a000-7fb3cee7c000 rw-p 0002a000 08:11 5136773                    /usr/lib/jvm/java-8-oracle/jre/lib/amd64/libjava.so
7fb3cee7c000-7fb3cee89000 r-xp 00000000 08:11 5136727                    /usr/lib/jvm/java-8-oracle/jre/lib/amd64/libverify.so
7fb3cee89000-7fb3cf089000 ---p 0000d000 08:11 5136727                    /usr/lib/jvm/java-8-oracle/jre/lib/amd64/libverify.so
7fb3cf089000-7fb3cf08b000 rw-p 0000d000 08:11 5136727                    /usr/lib/jvm/java-8-oracle/jre/lib/amd64/libverify.so
7fb3cf08b000-7fb3cf092000 r-xp 00000000 08:11 5251397                    /lib/x86_64-linux-gnu/librt-2.26.so
7fb3cf092000-7fb3cf291000 ---p 00007000 08:11 5251397                    /lib/x86_64-linux-gnu/librt-2.26.so
7fb3cf291000-7fb3cf292000 r--p 00006000 08:11 5251397                    /lib/x86_64-linux-gnu/librt-2.26.so
7fb3cf292000-7fb3cf293000 rw-p 00007000 08:11 5251397                    /lib/x86_64-linux-gnu/librt-2.26.so
7fb3cf293000-7fb3cf3e8000 r-xp 00000000 08:11 5251368                    /lib/x86_64-linux-gnu/libm-2.26.so
7fb3cf3e8000-7fb3cf5e7000 ---p 00155000 08:11 5251368                    /lib/x86_64-linux-gnu/libm-2.26.so
7fb3cf5e7000-7fb3cf5e8000 r--p 00154000 08:11 5251368                    /lib/x86_64-linux-gnu/libm-2.26.so
7fb3cf5e8000-7fb3cf5e9000 rw-p 00155000 08:11 5251368                    /lib/x86_64-linux-gnu/libm-2.26.so
7fb3cf5e9000-7fb3d02b4000 r-xp 00000000 08:11 5136876                    /usr/lib/jvm/java-8-oracle/jre/lib/amd64/server/libjvm.so
7fb3d02b4000-7fb3d04b3000 ---p 00ccb000 08:11 5136876                    /usr/lib/jvm/java-8-oracle/jre/lib/amd64/server/libjvm.so
7fb3d04b3000-7fb3d058c000 rw-p 00cca000 08:11 5136876                    /usr/lib/jvm/java-8-oracle/jre/lib/amd64/server/libjvm.so
7fb3d058c000-7fb3d05d7000 rw-p 00000000 00:00 0 
7fb3d05d7000-7fb3d07ad000 r-xp 00000000 08:11 5251359                    /lib/x86_64-linux-gnu/libc-2.26.so
7fb3d07ad000-7fb3d09ad000 ---p 001d6000 08:11 5251359                    /lib/x86_64-linux-gnu/libc-2.26.so
7fb3d09ad000-7fb3d09b1000 r--p 001d6000 08:11 5251359                    /lib/x86_64-linux-gnu/libc-2.26.so
7fb3d09b1000-7fb3d09b3000 rw-p 001da000 08:11 5251359                    /lib/x86_64-linux-gnu/libc-2.26.so
7fb3d09b3000-7fb3d09b7000 rw-p 00000000 00:00 0 
7fb3d09b7000-7fb3d09ba000 r-xp 00000000 08:11 5251366                    /lib/x86_64-linux-gnu/libdl-2.26.so
7fb3d09ba000-7fb3d0bb9000 ---p 00003000 08:11 5251366                    /lib/x86_64-linux-gnu/libdl-2.26.so
7fb3d0bb9000-7fb3d0bba000 r--p 00002000 08:11 5251366                    /lib/x86_64-linux-gnu/libdl-2.26.so
7fb3d0bba000-7fb3d0bbb000 rw-p 00003000 08:11 5251366                    /lib/x86_64-linux-gnu/libdl-2.26.so
7fb3d0bbb000-7fb3d0bd0000 r-xp 00000000 08:11 4862798                    /usr/lib/jvm/java-8-oracle/lib/amd64/jli/libjli.so
7fb3d0bd0000-7fb3d0dd0000 ---p 00015000 08:11 4862798                    /usr/lib/jvm/java-8-oracle/lib/amd64/jli/libjli.so
7fb3d0dd0000-7fb3d0dd1000 rw-p 00015000 08:11 4862798                    /usr/lib/jvm/java-8-oracle/lib/amd64/jli/libjli.so
7fb3d0dd1000-7fb3d0deb000 r-xp 00000000 08:11 5251394                    /lib/x86_64-linux-gnu/libpthread-2.26.so
7fb3d0deb000-7fb3d0fea000 ---p 0001a000 08:11 5251394                    /lib/x86_64-linux-gnu/libpthread-2.26.so
7fb3d0fea000-7fb3d0feb000 r--p 00019000 08:11 5251394                    /lib/x86_64-linux-gnu/libpthread-2.26.so
7fb3d0feb000-7fb3d0fec000 rw-p 0001a000 08:11 5251394                    /lib/x86_64-linux-gnu/libpthread-2.26.so
7fb3d0fec000-7fb3d0ff0000 rw-p 00000000 00:00 0 
7fb3d0ff0000-7fb3d1017000 r-xp 00000000 08:11 5246158                    /lib/x86_64-linux-gnu/ld-2.26.so
7fb3d1017000-7fb3d10dc000 rw-p 00000000 00:00 0 
7fb3d10dc000-7fb3d10df000 ---p 00000000 00:00 0 
7fb3d10df000-7fb3d11df000 rw-p 00000000 00:00 0 
7fb3d11df000-7fb3d11e0000 r--s 00004000 08:11 4865737                    /home/adis/.gradle/wrapper/dists/gradle-4.1-all/bzyivzo6n839fup2jbap0tjew/gradle-4.1/lib/ant-launcher-1.9.6.jar
7fb3d11e0000-7fb3d11ec000 r--s 0005c000 08:11 4855011                    /home/adis/.gradle/wrapper/dists/gradle-4.1-all/bzyivzo6n839fup2jbap0tjew/gradle-4.1/lib/gradle-launcher-4.1.jar
7fb3d11ec000-7fb3d120a000 rw-p 00000000 00:00 0 
7fb3d120a000-7fb3d1212000 rw-s 00000000 08:11 2364215                    /tmp/hsperfdata_adis/12516
7fb3d1212000-7fb3d1213000 rw-p 00000000 00:00 0 
7fb3d1213000-7fb3d1214000 ---p 00000000 00:00 0 
7fb3d1214000-7fb3d1217000 rw-p 00000000 00:00 0 
7fb3d1217000-7fb3d1218000 r--p 00027000 08:11 5246158                    /lib/x86_64-linux-gnu/ld-2.26.so
7fb3d1218000-7fb3d1219000 rw-p 00028000 08:11 5246158                    /lib/x86_64-linux-gnu/ld-2.26.so
7fb3d1219000-7fb3d121a000 rw-p 00000000 00:00 0 
7ffc90c66000-7ffc90c87000 rw-p 00000000 00:00 0                          [stack]
7ffc90de7000-7ffc90dea000 r--p 00000000 00:00 0                          [vvar]
7ffc90dea000-7ffc90dec000 r-xp 00000000 00:00 0                          [vdso]
ffffffffff600000-ffffffffff601000 r-xp 00000000 00:00 0                  [vsyscall]

VM Arguments:
jvm_args: -Xmx1536m -Dfile.encoding=UTF-8 -Duser.country=US -Duser.language=en -Duser.variant 
java_command: org.gradle.launcher.daemon.bootstrap.GradleDaemon 4.1
java_class_path (initial): /home/adis/.gradle/wrapper/dists/gradle-4.1-all/bzyivzo6n839fup2jbap0tjew/gradle-4.1/lib/gradle-launcher-4.1.jar
Launcher Type: SUN_STANDARD

Environment Variables:
PATH=/usr/local/sbin:/usr/local/bin:/usr/sbin:/usr/bin:/sbin:/bin:/usr/games:/usr/local/games:/snap/bin
USERNAME=adis
LD_LIBRARY_PATH=/home/adis/android-studio/bin:
SHELL=/bin/bash
DISPLAY=:0

Signal Handlers:
SIGSEGV: [libjvm.so+0xac4790], sa_mask[0]=11111111011111111101111111111110, sa_flags=SA_RESTART|SA_SIGINFO
SIGBUS: [libjvm.so+0xac4790], sa_mask[0]=11111111011111111101111111111110, sa_flags=SA_RESTART|SA_SIGINFO
SIGFPE: [libjvm.so+0x91f140], sa_mask[0]=11111111011111111101111111111110, sa_flags=SA_RESTART|SA_SIGINFO
SIGPIPE: [libjvm.so+0x91f140], sa_mask[0]=11111111011111111101111111111110, sa_flags=SA_RESTART|SA_SIGINFO
SIGXFSZ: [libjvm.so+0x91f140], sa_mask[0]=11111111011111111101111111111110, sa_flags=SA_RESTART|SA_SIGINFO
SIGILL: [libjvm.so+0x91f140], sa_mask[0]=11111111011111111101111111111110, sa_flags=SA_RESTART|SA_SIGINFO
SIGUSR1: SIG_DFL, sa_mask[0]=00000000000000000000000000000000, sa_flags=none
SIGUSR2: [libjvm.so+0x920770], sa_mask[0]=00100000000000000000000000000000, sa_flags=SA_RESTART|SA_SIGINFO
SIGHUP: [libjvm.so+0x921b70], sa_mask[0]=11111111011111111101111111111110, sa_flags=SA_RESTART|SA_SIGINFO
SIGINT: [libjvm.so+0x921b70], sa_mask[0]=11111111011111111101111111111110, sa_flags=SA_RESTART|SA_SIGINFO
SIGTERM: [libjvm.so+0x921b70], sa_mask[0]=11111111011111111101111111111110, sa_flags=SA_RESTART|SA_SIGINFO
SIGQUIT: [libjvm.so+0x921b70], sa_mask[0]=11111111011111111101111111111110, sa_flags=SA_RESTART|SA_SIGINFO


---------------  S Y S T E M  ---------------

OS:DISTRIB_ID=Ubuntu
DISTRIB_RELEASE=17.10
DISTRIB_CODENAME=artful
DISTRIB_DESCRIPTION="Ubuntu 17.10"

uname:Linux 4.13.0-16-generic #19-Ubuntu SMP Wed Oct 11 18:35:14 UTC 2017 x86_64
libc:glibc 2.26 NPTL 2.26 
rlimit: STACK 8192k, CORE 0k, NPROC 31255, NOFILE 1048576, AS infinity
load average:9,02 3,75 2,24

/proc/meminfo:
MemTotal:        8054508 kB
MemFree:          100952 kB
MemAvailable:       6440 kB
Buffers:            1288 kB
Cached:          1775228 kB
SwapCached:            0 kB
Active:          5889616 kB
Inactive:        1769088 kB
Active(anon):    5884000 kB
Inactive(anon):  1750800 kB
Active(file):       5616 kB
Inactive(file):    18288 kB
Unevictable:         440 kB
Mlocked:             440 kB
SwapTotal:             0 kB
SwapFree:              0 kB
Dirty:                16 kB
Writeback:             4 kB
AnonPages:       5882708 kB
Mapped:           440064 kB
Shmem:           1752532 kB
Slab:             119440 kB
SReclaimable:      56844 kB
SUnreclaim:        62596 kB
KernelStack:       16672 kB
PageTables:        83320 kB
NFS_Unstable:          0 kB
Bounce:                0 kB
WritebackTmp:          0 kB
CommitLimit:     4027252 kB
Committed_AS:   16446496 kB
VmallocTotal:   34359738367 kB
VmallocUsed:           0 kB
VmallocChunk:          0 kB
HardwareCorrupted:     0 kB
AnonHugePages:      2048 kB
ShmemHugePages:        0 kB
ShmemPmdMapped:        0 kB
CmaTotal:              0 kB
CmaFree:               0 kB
HugePages_Total:       0
HugePages_Free:        0
HugePages_Rsvd:        0
HugePages_Surp:        0
Hugepagesize:       2048 kB
DirectMap4k:      240948 kB
DirectMap2M:     8030208 kB
DirectMap1G:     1048576 kB


CPU:total 4 (4 cores per cpu, 1 threads per core) family 6 model 60 stepping 3, cmov, cx8, fxsr, mmx, sse, sse2, sse3, ssse3, sse4.1, sse4.2, popcnt, avx, avx2, aes, clmul, erms, lzcnt, tsc, tscinvbit, bmi1, bmi2

/proc/cpuinfo:
processor	: 0
vendor_id	: GenuineIntel
cpu family	: 6
model		: 60
model name	: Intel(R) Core(TM) i5-4690 CPU @ 3.50GHz
stepping	: 3
microcode	: 0x1c
cpu MHz		: 3500.084
cache size	: 6144 KB
physical id	: 0
siblings	: 4
core id		: 0
cpu cores	: 4
apicid		: 0
initial apicid	: 0
fpu		: yes
fpu_exception	: yes
cpuid level	: 13
wp		: yes
flags		: fpu vme de pse tsc msr pae mce cx8 apic sep mtrr pge mca cmov pat pse36 clflush dts acpi mmx fxsr sse sse2 ss ht tm pbe syscall nx pdpe1gb rdtscp lm constant_tsc arch_perfmon pebs bts rep_good nopl xtopology nonstop_tsc cpuid aperfmperf pni pclmulqdq dtes64 monitor ds_cpl vmx smx est tm2 ssse3 sdbg fma cx16 xtpr pdcm pcid sse4_1 sse4_2 x2apic movbe popcnt aes xsave avx f16c rdrand lahf_lm abm cpuid_fault tpr_shadow vnmi flexpriority ept vpid fsgsbase tsc_adjust bmi1 avx2 smep bmi2 erms invpcid xsaveopt dtherm ida arat pln pts
bugs		:
bogomips	: 7000.16
clflush size	: 64
cache_alignment	: 64
address sizes	: 39 bits physical, 48 bits virtual
power management:

processor	: 1
vendor_id	: GenuineIntel
cpu family	: 6
model		: 60
model name	: Intel(R) Core(TM) i5-4690 CPU @ 3.50GHz
stepping	: 3
microcode	: 0x1c
cpu MHz		: 3500.084
cache size	: 6144 KB
physical id	: 0
siblings	: 4
core id		: 1
cpu cores	: 4
apicid		: 2
initial apicid	: 2
fpu		: yes
fpu_exception	: yes
cpuid level	: 13
wp		: yes
flags		: fpu vme de pse tsc msr pae mce cx8 apic sep mtrr pge mca cmov pat pse36 clflush dts acpi mmx fxsr sse sse2 ss ht tm pbe syscall nx pdpe1gb rdtscp lm constant_tsc arch_perfmon pebs bts rep_good nopl xtopology nonstop_tsc cpuid aperfmperf pni pclmulqdq dtes64 monitor ds_cpl vmx smx est tm2 ssse3 sdbg fma cx16 xtpr pdcm pcid sse4_1 sse4_2 x2apic movbe popcnt aes xsave avx f16c rdrand lahf_lm abm cpuid_fault tpr_shadow vnmi flexpriority ept vpid fsgsbase tsc_adjust bmi1 avx2 smep bmi2 erms invpcid xsaveopt dtherm ida arat pln pts
bugs		:
bogomips	: 7000.16
clflush size	: 64
cache_alignment	: 64
address sizes	: 39 bits physical, 48 bits virtual
power management:

processor	: 2
vendor_id	: GenuineIntel
cpu family	: 6
model		: 60
model name	: Intel(R) Core(TM) i5-4690 CPU @ 3.50GHz
stepping	: 3
microcode	: 0x1c
cpu MHz		: 3500.084
cache size	: 6144 KB
physical id	: 0
siblings	: 4
core id		: 2
cpu cores	: 4
apicid		: 4
initial apicid	: 4
fpu		: yes
fpu_exception	: yes
cpuid level	: 13
wp		: yes
flags		: fpu vme de pse tsc msr pae mce cx8 apic sep mtrr pge mca cmov pat pse36 clflush dts acpi mmx fxsr sse sse2 ss ht tm pbe syscall nx pdpe1gb rdtscp lm constant_tsc arch_perfmon pebs bts rep_good nopl xtopology nonstop_tsc cpuid aperfmperf pni pclmulqdq dtes64 monitor ds_cpl vmx smx est tm2 ssse3 sdbg fma cx16 xtpr pdcm pcid sse4_1 sse4_2 x2apic movbe popcnt aes xsave avx f16c rdrand lahf_lm abm cpuid_fault tpr_shadow vnmi flexpriority ept vpid fsgsbase tsc_adjust bmi1 avx2 smep bmi2 erms invpcid xsaveopt dtherm ida arat pln pts
bugs		:
bogomips	: 7000.16
clflush size	: 64
cache_alignment	: 64
address sizes	: 39 bits physical, 48 bits virtual
power management:

processor	: 3
vendor_id	: GenuineIntel
cpu family	: 6
model		: 60
model name	: Intel(R) Core(TM) i5-4690 CPU @ 3.50GHz
stepping	: 3
microcode	: 0x1c
cpu MHz		: 3500.084
cache size	: 6144 KB
physical id	: 0
siblings	: 4
core id		: 3
cpu cores	: 4
apicid		: 6
initial apicid	: 6
fpu		: yes
fpu_exception	: yes
cpuid level	: 13
wp		: yes
flags		: fpu vme de pse tsc msr pae mce cx8 apic sep mtrr pge mca cmov pat pse36 clflush dts acpi mmx fxsr sse sse2 ss ht tm pbe syscall nx pdpe1gb rdtscp lm constant_tsc arch_perfmon pebs bts rep_good nopl xtopology nonstop_tsc cpuid aperfmperf pni pclmulqdq dtes64 monitor ds_cpl vmx smx est tm2 ssse3 sdbg fma cx16 xtpr pdcm pcid sse4_1 sse4_2 x2apic movbe popcnt aes xsave avx f16c rdrand lahf_lm abm cpuid_fault tpr_shadow vnmi flexpriority ept vpid fsgsbase tsc_adjust bmi1 avx2 smep bmi2 erms invpcid xsaveopt dtherm ida arat pln pts
bugs		:
bogomips	: 7000.16
clflush size	: 64
cache_alignment	: 64
address sizes	: 39 bits physical, 48 bits virtual
power management:



Memory: 4k page, physical 8054508k(102160k free), swap 0k(0k free)

vm_info: Java HotSpot(TM) 64-Bit Server VM (25.101-b13) for linux-amd64 JRE (1.8.0_101-b13), built on Jun 22 2016 02:59:44 by "java_re" with gcc 4.3.0 20080428 (Red Hat 4.3.0-8)

time: Sat Oct 28 20:56:31 2017
elapsed time: 49 seconds (0d 0h 0m 49s)

